#
# A fatal error has been detected by the Java Runtime Environment:
#
#  EXCEPTION_ACCESS_VIOLATION (0xc0000005) at pc=0x000002d97ee41066, pid=7960, tid=0x00000000000022e8
#
# JRE version: OpenJDK Runtime Environment (8.0_302-b08) (build 1.8.0_302-b08)
# Java VM: OpenJDK 64-Bit Server VM (25.302-b08 mixed mode windows-amd64 compressed oops)
# Problematic frame:
# C  [OpenAL64.dll+0x11066]
#
# Failed to write core dump. Minidumps are not enabled by default on client versions of Windows
#
# If you would like to submit a bug report, please visit:
#   https://github.com/adoptium/adoptium-support/issues
# The crash happened outside the Java Virtual Machine in native code.
# See problematic frame for where to report the bug.
#

---------------  T H R E A D  ---------------

Current thread (0x000002d9674eb800):  JavaThread "main" [_thread_in_native, id=8936, stack(0x000000f049600000,0x000000f049700000)]

siginfo: ExceptionCode=0xc0000005, reading address 0x000002d97cf53004

Registers:
RAX=0x0000000000000004, RBX=0x000002d97f2e0090, RCX=0x000002d97cf53008, RDX=0x000002d97cf53004
RSP=0x000000f0496fd040, RBP=0x00000000000000ff, RSI=0x000002d97cf4fc1c, RDI=0x0000000000000000
R8 =0x0000000000000cfa, R9 =0x000002d97cf4fc1c, R10=0x000002d968ed9c62, R11=0x000000005c361570
R12=0x0000000000000001, R13=0x000002d97ef8d480, R14=0x000000f0496fd1e0, R15=0x000002d9674eb800
RIP=0x000002d97ee41066, EFLAGS=0x0000000000010202

Top of Stack: (sp=0x000000f0496fd040)
0x000000f0496fd040:   0000000000000000 0000000000000000
0x000000f0496fd050:   0000000000000000 000002d9674eb800
0x000000f0496fd060:   000000f0496fd1e0 0000000000000000
0x000000f0496fd070:   000002d9674eb800 000002d9674da820
0x000000f0496fd080:   000002d97ef8d480 000002d97ef8d480
0x000000f0496fd090:   000002d9674c3060 000000005c1fa2f5
0x000000f0496fd0a0:   000000f0496fd970 000002d9674c3360
0x000000f0496fd0b0:   000002d9674eb800 000000f0496fd1e0
0x000000f0496fd0c0:   000002d97ef8d480 0000000000000000
0x000000f0496fd0d0:   000002d97cf4fc1c 0000000000000248
0x000000f0496fd0e0:   000000f0496fd1a8 000002d97ee4248f
0x000000f0496fd0f0:   000002d97f2e0090 000002d97f2e0090
0x000000f0496fd100:   000000000000ac44 000002d900000004
0x000000f0496fd110:   000002d968ec7bd0 000002d968ed9c8e
0x000000f0496fd120:   000002d97ef8d480 000000f0496fd128
0x000000f0496fd130:   000002d968ec7bd0 000002d968ed999b 

Instructions: (pc=0x000002d97ee41066)
0x000002d97ee41046:   41 2b ec 81 3a 03 00 02 00 75 09 8b 01 89 84 24
0x000002d97ee41056:   c8 00 00 00 49 83 c0 02 48 83 c1 08 4a 8d 14 86
0x000002d97ee41066:   39 3a 75 af 4c 8d 84 24 c0 00 00 00 48 8d 15 d7
0x000002d97ee41076:   2b 03 00 33 c9 e8 58 5f 00 00 b8 40 1f 00 00 4c 


Register to memory mapping:

RAX=0x0000000000000004 is an unknown value
RBX=0x000002d97f2e0090 is an unknown value
RCX=0x000002d97cf53008 is an unknown value
RDX=0x000002d97cf53004 is an unknown value
RSP=0x000000f0496fd040 is pointing into the stack for thread: 0x000002d9674eb800
RBP=0x00000000000000ff is an unknown value
RSI=0x000002d97cf4fc1c is an unknown value
RDI=0x0000000000000000 is an unknown value
R8 =0x0000000000000cfa is an unknown value
R9 =0x000002d97cf4fc1c is an unknown value
R10=0x000002d968ed9c62 is at code_begin+962 in an Interpreter codelet
method entry point (kind = native)  [0x000002d968ed98a0, 0x000002d968eda340]  2720 bytes
R11=0x000000005c361570 is an unknown value
R12=0x0000000000000001 is an unknown value
R13={method} {0x000002d97ef8d488} 'nalcCreateContext' '(JJ)J' in 'org/lwjgl/openal/ALC10'
R14=0x000000f0496fd1e0 is pointing into the stack for thread: 0x000002d9674eb800
R15=0x000002d9674eb800 is a thread


Stack: [0x000000f049600000,0x000000f049700000],  sp=0x000000f0496fd040,  free space=1012k
Native frames: (J=compiled Java code, j=interpreted, Vv=VM code, C=native code)
C  [OpenAL64.dll+0x11066]
C  [OpenAL64.dll+0x1248f]
C  0x000002d968ed9c8e

Java frames: (J=compiled Java code, j=interpreted, Vv=VM code)
j  org.lwjgl.openal.ALC10.nalcCreateContext(JJ)J+0
j  org.lwjgl.openal.ALC10.alcCreateContext(Lorg/lwjgl/openal/ALCdevice;Ljava/nio/IntBuffer;)Lorg/lwjgl/openal/ALCcontext;+8
j  org.lwjgl.openal.AL.init(Ljava/lang/String;IIZZ)V+69
j  org.lwjgl.openal.AL.create(Ljava/lang/String;IIZZ)V+246
j  org.lwjgl.openal.AL.create(Ljava/lang/String;IIZ)V+5
j  org.lwjgl.openal.AL.create()V+6
j  com.badlogic.gdx.backends.lwjgl.audio.OpenALAudio.<init>(III)V+114
j  com.badlogic.gdx.backends.lwjgl.LwjglApplication.<init>(Lcom/badlogic/gdx/ApplicationListener;Lcom/badlogic/gdx/backends/lwjgl/LwjglApplicationConfiguration;Lcom/badlogic/gdx/backends/lwjgl/LwjglGraphics;)V+120
j  com.badlogic.gdx.backends.lwjgl.LwjglApplication.<init>(Lcom/badlogic/gdx/ApplicationListener;Lcom/badlogic/gdx/backends/lwjgl/LwjglApplicationConfiguration;)V+11
j  org.uqbar.project.wollok.game.gameboard.WollokGDXApplication.<init>(Lorg/uqbar/project/wollok/game/gameboard/Gameboard;Ljava/lang/Boolean;)V+17
j  org.uqbar.project.wollok.game.helpers.Application.start(Lorg/uqbar/project/wollok/game/gameboard/Gameboard;Ljava/lang/Boolean;)V+5
j  org.uqbar.project.wollok.game.gameboard.Gameboard.start(Ljava/lang/Boolean;)V+13
j  wollok.game.GameObject.doStart(Ljava/lang/Boolean;)V+12
v  ~StubRoutines::call_stub
j  sun.reflect.NativeMethodAccessorImpl.invoke0(Ljava/lang/reflect/Method;Ljava/lang/Object;[Ljava/lang/Object;)Ljava/lang/Object;+0
j  sun.reflect.NativeMethodAccessorImpl.invoke(Ljava/lang/Object;[Ljava/lang/Object;)Ljava/lang/Object;+100
J 2642 C1 sun.reflect.DelegatingMethodAccessorImpl.invoke(Ljava/lang/Object;[Ljava/lang/Object;)Ljava/lang/Object; (10 bytes) @ 0x000002d96976b74c [0x000002d96976b640+0x10c]
J 2641 C1 java.lang.reflect.Method.invoke(Ljava/lang/Object;[Ljava/lang/Object;)Ljava/lang/Object; (62 bytes) @ 0x000002d96976b174 [0x000002d96976ad80+0x3f4]
j  org.uqbar.project.wollok.ui.utils.XTendUtilExtensions.invokeConvertingArgs(Ljava/lang/reflect/Method;Ljava/lang/Object;[Ljava/lang/Object;)Lorg/uqbar/project/wollok/interpreter/core/WollokObject;+261
j  org.uqbar.project.wollok.interpreter.AbstractWollokCallable._invokeNative(Ljava/lang/Object;Ljava/lang/String;[Lorg/uqbar/project/wollok/interpreter/core/WollokObject;)Lorg/uqbar/project/wollok/interpreter/core/WollokObject;+41
j  org.uqbar.project.wollok.interpreter.AbstractWollokCallable.invokeNative(Ljava/lang/Object;Ljava/lang/String;[Lorg/uqbar/project/wollok/interpreter/core/WollokObject;)Lorg/uqbar/project/wollok/interpreter/core/WollokObject;+26
j  org.uqbar.project.wollok.interpreter.AbstractWollokCallable$1.apply()Lorg/uqbar/project/wollok/interpreter/core/WollokObject;+55
j  org.uqbar.project.wollok.interpreter.AbstractWollokCallable$1.apply()Ljava/lang/Object;+1
j  org.uqbar.project.wollok.interpreter.threads.WThread.performOnStack(Lorg/eclipse/emf/ecore/EObject;Lorg/uqbar/project/wollok/interpreter/context/EvaluationContext;Lorg/eclipse/xtext/xbase/lib/Functions$Function0;)Lorg/uqbar/project/wollok/interpreter/core/WollokObject;+29
j  org.uqbar.project.wollok.interpreter.WollokInterpreter.performOnStack(Lorg/eclipse/emf/ecore/EObject;Lorg/uqbar/project/wollok/interpreter/context/EvaluationContext;Lorg/eclipse/xtext/xbase/lib/Functions$Function0;)Lorg/uqbar/project/wollok/interpreter/core/WollokObject;+7
j  org.uqbar.project.wollok.interpreter.AbstractWollokCallable.call(Lorg/uqbar/project/wollok/wollokDsl/WMethodDeclaration;[Lorg/uqbar/project/wollok/interpreter/core/WollokObject;)Lorg/uqbar/project/wollok/interpreter/core/WollokObject;+38
j  org.uqbar.project.wollok.interpreter.core.WollokObject.call(Ljava/lang/String;[Lorg/uqbar/project/wollok/interpreter/core/WollokObject;)Lorg/uqbar/project/wollok/interpreter/core/WollokObject;+55
j  org.uqbar.project.wollok.interpreter.WollokInterpreterEvaluator._evaluate(Lorg/uqbar/project/wollok/wollokDsl/WFeatureCall;)Lorg/uqbar/project/wollok/interpreter/core/WollokObject;+119
j  org.uqbar.project.wollok.launch.WollokLauncherInterpreterEvaluator.evaluate(Lorg/eclipse/emf/ecore/EObject;)Lorg/uqbar/project/wollok/interpreter/core/WollokObject;+412
j  org.uqbar.project.wollok.interpreter.WollokInterpreterEvaluator.evaluate(Lorg/eclipse/emf/ecore/EObject;)Ljava/lang/Object;+2
j  org.uqbar.project.wollok.interpreter.WollokInterpreter.eval(Lorg/eclipse/emf/ecore/EObject;)Lorg/uqbar/project/wollok/interpreter/core/WollokObject;+63
j  org.uqbar.project.wollok.interpreter.WollokInterpreterEvaluator.eval(Lorg/eclipse/emf/ecore/EObject;)Lorg/uqbar/project/wollok/interpreter/core/WollokObject;+5
j  org.uqbar.project.wollok.interpreter.WollokInterpreterEvaluator$1.apply(Lorg/uqbar/project/wollok/interpreter/core/WollokObject;Lorg/eclipse/emf/ecore/EObject;)Lorg/uqbar/project/wollok/interpreter/core/WollokObject;+5
j  org.uqbar.project.wollok.interpreter.WollokInterpreterEvaluator$1.apply(Ljava/lang/Object;Ljava/lang/Object;)Ljava/lang/Object;+9
j  org.eclipse.xtext.xbase.lib.IteratorExtensions.fold(Ljava/util/Iterator;Ljava/lang/Object;Lorg/eclipse/xtext/xbase/lib/Functions$Function2;)Ljava/lang/Object;+19
j  org.eclipse.xtext.xbase.lib.IterableExtensions.fold(Ljava/lang/Iterable;Ljava/lang/Object;Lorg/eclipse/xtext/xbase/lib/Functions$Function2;)Ljava/lang/Object;+8
j  org.uqbar.project.wollok.interpreter.WollokInterpreterEvaluator.evalAll(Ljava/lang/Iterable;)Lorg/uqbar/project/wollok/interpreter/core/WollokObject;+12
j  org.uqbar.project.wollok.interpreter.WollokInterpreterEvaluator._evaluate(Lorg/uqbar/project/wollok/wollokDsl/WBlockExpression;)Lorg/uqbar/project/wollok/interpreter/core/WollokObject;+34
j  org.uqbar.project.wollok.launch.WollokLauncherInterpreterEvaluator.evaluate(Lorg/eclipse/emf/ecore/EObject;)Lorg/uqbar/project/wollok/interpreter/core/WollokObject;+76
j  org.uqbar.project.wollok.interpreter.WollokInterpreterEvaluator.evaluate(Lorg/eclipse/emf/ecore/EObject;)Ljava/lang/Object;+2
j  org.uqbar.project.wollok.interpreter.WollokInterpreter.eval(Lorg/eclipse/emf/ecore/EObject;)Lorg/uqbar/project/wollok/interpreter/core/WollokObject;+63
j  org.uqbar.project.wollok.interpreter.AbstractWollokCallable.eval(Lorg/eclipse/emf/ecore/EObject;)Lorg/uqbar/project/wollok/interpreter/core/WollokObject;+5
j  org.uqbar.project.wollok.interpreter.AbstractWollokCallable$1.apply()Lorg/uqbar/project/wollok/interpreter/core/WollokObject;+110
j  org.uqbar.project.wollok.interpreter.AbstractWollokCallable$1.apply()Ljava/lang/Object;+1
j  org.uqbar.project.wollok.interpreter.threads.WThread.performOnStack(Lorg/eclipse/emf/ecore/EObject;Lorg/uqbar/project/wollok/interpreter/context/EvaluationContext;Lorg/eclipse/xtext/xbase/lib/Functions$Function0;)Lorg/uqbar/project/wollok/interpreter/core/WollokObject;+29
j  org.uqbar.project.wollok.interpreter.WollokInterpreter.performOnStack(Lorg/eclipse/emf/ecore/EObject;Lorg/uqbar/project/wollok/interpreter/context/EvaluationContext;Lorg/eclipse/xtext/xbase/lib/Functions$Function0;)Lorg/uqbar/project/wollok/interpreter/core/WollokObject;+7
j  org.uqbar.project.wollok.interpreter.AbstractWollokCallable.call(Lorg/uqbar/project/wollok/wollokDsl/WMethodDeclaration;[Lorg/uqbar/project/wollok/interpreter/core/WollokObject;)Lorg/uqbar/project/wollok/interpreter/core/WollokObject;+38
j  org.uqbar.project.wollok.interpreter.core.WollokObject.call(Ljava/lang/String;[Lorg/uqbar/project/wollok/interpreter/core/WollokObject;)Lorg/uqbar/project/wollok/interpreter/core/WollokObject;+55
j  org.uqbar.project.wollok.interpreter.WollokInterpreterEvaluator._evaluate(Lorg/uqbar/project/wollok/wollokDsl/WFeatureCall;)Lorg/uqbar/project/wollok/interpreter/core/WollokObject;+119
j  org.uqbar.project.wollok.launch.WollokLauncherInterpreterEvaluator.evaluate(Lorg/eclipse/emf/ecore/EObject;)Lorg/uqbar/project/wollok/interpreter/core/WollokObject;+412
j  org.uqbar.project.wollok.interpreter.WollokInterpreterEvaluator.evaluate(Lorg/eclipse/emf/ecore/EObject;)Ljava/lang/Object;+2
j  org.uqbar.project.wollok.interpreter.WollokInterpreter.eval(Lorg/eclipse/emf/ecore/EObject;)Lorg/uqbar/project/wollok/interpreter/core/WollokObject;+63
j  org.uqbar.project.wollok.interpreter.WollokInterpreterEvaluator.eval(Lorg/eclipse/emf/ecore/EObject;)Lorg/uqbar/project/wollok/interpreter/core/WollokObject;+5
j  org.uqbar.project.wollok.interpreter.WollokInterpreterEvaluator$1.apply(Lorg/uqbar/project/wollok/interpreter/core/WollokObject;Lorg/eclipse/emf/ecore/EObject;)Lorg/uqbar/project/wollok/interpreter/core/WollokObject;+5
j  org.uqbar.project.wollok.interpreter.WollokInterpreterEvaluator$1.apply(Ljava/lang/Object;Ljava/lang/Object;)Ljava/lang/Object;+9
j  org.eclipse.xtext.xbase.lib.IteratorExtensions.fold(Ljava/util/Iterator;Ljava/lang/Object;Lorg/eclipse/xtext/xbase/lib/Functions$Function2;)Ljava/lang/Object;+19
j  org.eclipse.xtext.xbase.lib.IterableExtensions.fold(Ljava/lang/Iterable;Ljava/lang/Object;Lorg/eclipse/xtext/xbase/lib/Functions$Function2;)Ljava/lang/Object;+8
j  org.uqbar.project.wollok.interpreter.WollokInterpreterEvaluator.evalAll(Ljava/lang/Iterable;)Lorg/uqbar/project/wollok/interpreter/core/WollokObject;+12
j  org.uqbar.project.wollok.interpreter.WollokInterpreterEvaluator._evaluate(Lorg/uqbar/project/wollok/wollokDsl/WProgram;)Lorg/uqbar/project/wollok/interpreter/core/WollokObject;+18
j  org.uqbar.project.wollok.launch.WollokLauncherInterpreterEvaluator.evaluate(Lorg/eclipse/emf/ecore/EObject;)Lorg/uqbar/project/wollok/interpreter/core/WollokObject;+444
j  org.uqbar.project.wollok.interpreter.WollokInterpreterEvaluator.evaluate(Lorg/eclipse/emf/ecore/EObject;)Ljava/lang/Object;+2
j  org.uqbar.project.wollok.interpreter.WollokInterpreter.eval(Lorg/eclipse/emf/ecore/EObject;)Lorg/uqbar/project/wollok/interpreter/core/WollokObject;+63
j  org.uqbar.project.wollok.interpreter.WollokInterpreterEvaluator.eval(Lorg/eclipse/emf/ecore/EObject;)Lorg/uqbar/project/wollok/interpreter/core/WollokObject;+5
j  org.uqbar.project.wollok.launch.WollokLauncherInterpreterEvaluator._evaluate(Lorg/uqbar/project/wollok/wollokDsl/WFile;)Lorg/uqbar/project/wollok/interpreter/core/WollokObject;+32
j  org.uqbar.project.wollok.launch.WollokLauncherInterpreterEvaluator.evaluate(Lorg/eclipse/emf/ecore/EObject;)Lorg/uqbar/project/wollok/interpreter/core/WollokObject;+428
j  org.uqbar.project.wollok.interpreter.WollokInterpreterEvaluator.evaluate(Lorg/eclipse/emf/ecore/EObject;)Ljava/lang/Object;+2
j  org.uqbar.project.wollok.interpreter.WollokInterpreter.interpret(Lorg/eclipse/emf/ecore/EObject;Ljava/lang/Boolean;)Lorg/uqbar/project/wollok/interpreter/core/WollokObject;+25
j  org.uqbar.project.wollok.interpreter.WollokInterpreter.interpret(Lorg/eclipse/emf/ecore/EObject;)Lorg/uqbar/project/wollok/interpreter/core/WollokObject;+8
j  org.uqbar.project.wollok.launch.WollokLauncher.doSomething(Lorg/uqbar/project/wollok/wollokDsl/WFile;Lcom/google/inject/Injector;Ljava/io/File;Lorg/uqbar/project/wollok/launch/WollokLauncherParameters;)V+109
j  org.uqbar.project.wollok.launch.WollokChecker.launch(Ljava/lang/String;Lorg/uqbar/project/wollok/launch/WollokLauncherParameters;)V+31
j  org.uqbar.project.wollok.launch.WollokChecker.doMain([Ljava/lang/String;)V+205
j  org.uqbar.project.wollok.launch.WollokLauncher.main([Ljava/lang/String;)V+8
v  ~StubRoutines::call_stub

---------------  P R O C E S S  ---------------

Java Threads: ( => current thread )
  0x000002d97c08a000 JavaThread "com.google.inject.internal.util.$Finalizer" daemon [_thread_blocked, id=2540, stack(0x000000f04a600000,0x000000f04a700000)]
  0x000002d97c434800 JavaThread "EMF Reference Cleaner" daemon [_thread_blocked, id=3976, stack(0x000000f04a500000,0x000000f04a600000)]
  0x000002d97a8de800 JavaThread "Service Thread" daemon [_thread_blocked, id=1920, stack(0x000000f04a300000,0x000000f04a400000)]
  0x000002d97a85c800 JavaThread "C1 CompilerThread2" daemon [_thread_blocked, id=10040, stack(0x000000f04a200000,0x000000f04a300000)]
  0x000002d97a857800 JavaThread "C2 CompilerThread1" daemon [_thread_in_native, id=4708, stack(0x000000f04a100000,0x000000f04a200000)]
  0x000002d97a854000 JavaThread "C2 CompilerThread0" daemon [_thread_in_native, id=7620, stack(0x000000f04a000000,0x000000f04a100000)]
  0x000002d97a84c800 JavaThread "Attach Listener" daemon [_thread_blocked, id=1028, stack(0x000000f049f00000,0x000000f04a000000)]
  0x000002d97a84b800 JavaThread "Signal Dispatcher" daemon [_thread_blocked, id=3940, stack(0x000000f049e00000,0x000000f049f00000)]
  0x000002d97a825000 JavaThread "Finalizer" daemon [_thread_blocked, id=5404, stack(0x000000f049d00000,0x000000f049e00000)]
  0x000002d97a81d000 JavaThread "Reference Handler" daemon [_thread_blocked, id=8104, stack(0x000000f049c00000,0x000000f049d00000)]
=>0x000002d9674eb800 JavaThread "main" [_thread_in_native, id=8936, stack(0x000000f049600000,0x000000f049700000)]

Other Threads:
  0x000002d97a7f3000 VMThread [stack: 0x000000f049b00000,0x000000f049c00000] [id=8028]
  0x000002d97a8e7800 WatcherThread [stack: 0x000000f04a400000,0x000000f04a500000] [id=9060]

VM state:not at safepoint (normal execution)

VM Mutex/Monitor currently owned by a thread: None

heap address: 0x00000006c0e00000, size: 4082 MB, Compressed Oops mode: Zero based, Oop shift amount: 3
Narrow klass base: 0x0000000000000000, Narrow klass shift: 3
Compressed class space size: 1073741824 Address: 0x00000007c0000000

Heap:
 PSYoungGen      total 141824K, used 5188K [0x000000076af80000, 0x000000077c480000, 0x00000007c0000000)
  eden space 131072K, 3% used [0x000000076af80000,0x000000076b4911a8,0x0000000772f80000)
  from space 10752K, 0% used [0x0000000772f80000,0x0000000772f80000,0x0000000773a00000)
  to   space 10752K, 0% used [0x000000077ba00000,0x000000077ba00000,0x000000077c480000)
 ParOldGen       total 136192K, used 20462K [0x00000006c0e00000, 0x00000006c9300000, 0x000000076af80000)
  object space 136192K, 15% used [0x00000006c0e00000,0x00000006c21fb8c8,0x00000006c9300000)
 Metaspace       used 21068K, capacity 21292K, committed 21504K, reserved 1069056K
  class space    used 2682K, capacity 2750K, committed 2816K, reserved 1048576K

Card table byte_map: [0x000002d978280000,0x000002d978a80000] byte_map_base: 0x000002d974c79000

Marking Bits: (ParMarkBitMap*) 0x000000005c94c820
 Begin Bits: [0x000002d900000000, 0x000002d903fc8000)
 End Bits:   [0x000002d903fc8000, 0x000002d907f90000)

Polling page: 0x000002d967430000

CodeCache: size=245760Kb used=10158Kb max_used=10158Kb free=235601Kb
 bounds [0x000002d968ec0000, 0x000002d9698c0000, 0x000002d977ec0000]
 total_blobs=3590 nmethods=3147 adapters=353
 compilation: enabled

Compilation events (10 events):
Event: 1.314 Thread 0x000002d97a85c800 3152   !   3       org.eclipse.emf.common.util.CommonUtil$StringPool$SelfCleaningStringPoolEntry::clear (44 bytes)
Event: 1.314 Thread 0x000002d97a85c800 nmethod 3152 0x000002d9698ae510 code [0x000002d9698ae6c0, 0x000002d9698aee60]
Event: 1.316 Thread 0x000002d97a85c800 3153       3       java.nio.DirectByteBuffer::put (18 bytes)
Event: 1.316 Thread 0x000002d97a85c800 nmethod 3153 0x000002d9698af6d0 code [0x000002d9698af840, 0x000002d9698afab8]
Event: 1.316 Thread 0x000002d97a85c800 3154       3       java.nio.DirectByteBuffer::ix (10 bytes)
Event: 1.317 Thread 0x000002d97a85c800 nmethod 3154 0x000002d9698afbd0 code [0x000002d9698afd20, 0x000002d9698afe78]
Event: 1.317 Thread 0x000002d97a85c800 3156       3       java.nio.DirectByteBuffer::put (18 bytes)
Event: 1.317 Thread 0x000002d97a85c800 nmethod 3156 0x000002d9698aff10 code [0x000002d9698b0080, 0x000002d9698b02f8]
Event: 1.317 Thread 0x000002d97a85c800 3157       1       java.nio.DirectByteBuffer::ix (10 bytes)
Event: 1.317 Thread 0x000002d97a85c800 nmethod 3157 0x000002d9698b0410 code [0x000002d9698b0560, 0x000002d9698b0678]

GC Heap History (8 events):
Event: 0.394 GC heap before
{Heap before GC invocations=1 (full 0):
 PSYoungGen      total 76288K, used 65536K [0x000000076af80000, 0x0000000770480000, 0x00000007c0000000)
  eden space 65536K, 100% used [0x000000076af80000,0x000000076ef80000,0x000000076ef80000)
  from space 10752K, 0% used [0x000000076fa00000,0x000000076fa00000,0x0000000770480000)
  to   space 10752K, 0% used [0x000000076ef80000,0x000000076ef80000,0x000000076fa00000)
 ParOldGen       total 175104K, used 0K [0x00000006c0e00000, 0x00000006cb900000, 0x000000076af80000)
  object space 175104K, 0% used [0x00000006c0e00000,0x00000006c0e00000,0x00000006cb900000)
 Metaspace       used 8695K, capacity 8808K, committed 9088K, reserved 1056768K
  class space    used 1041K, capacity 1076K, committed 1152K, reserved 1048576K
Event: 0.400 GC heap after
Heap after GC invocations=1 (full 0):
 PSYoungGen      total 76288K, used 10726K [0x000000076af80000, 0x0000000774480000, 0x00000007c0000000)
  eden space 65536K, 0% used [0x000000076af80000,0x000000076af80000,0x000000076ef80000)
  from space 10752K, 99% used [0x000000076ef80000,0x000000076f9f99f0,0x000000076fa00000)
  to   space 10752K, 0% used [0x0000000773a00000,0x0000000773a00000,0x0000000774480000)
 ParOldGen       total 175104K, used 4936K [0x00000006c0e00000, 0x00000006cb900000, 0x000000076af80000)
  object space 175104K, 2% used [0x00000006c0e00000,0x00000006c12d21d0,0x00000006cb900000)
 Metaspace       used 8695K, capacity 8808K, committed 9088K, reserved 1056768K
  class space    used 1041K, capacity 1076K, committed 1152K, reserved 1048576K
}
Event: 0.796 GC heap before
{Heap before GC invocations=2 (full 0):
 PSYoungGen      total 76288K, used 76262K [0x000000076af80000, 0x0000000774480000, 0x00000007c0000000)
  eden space 65536K, 100% used [0x000000076af80000,0x000000076ef80000,0x000000076ef80000)
  from space 10752K, 99% used [0x000000076ef80000,0x000000076f9f99f0,0x000000076fa00000)
  to   space 10752K, 0% used [0x0000000773a00000,0x0000000773a00000,0x0000000774480000)
 ParOldGen       total 175104K, used 4936K [0x00000006c0e00000, 0x00000006cb900000, 0x000000076af80000)
  object space 175104K, 2% used [0x00000006c0e00000,0x00000006c12d21d0,0x00000006cb900000)
 Metaspace       used 15679K, capacity 15818K, committed 16000K, reserved 1062912K
  class space    used 2035K, capacity 2079K, committed 2176K, reserved 1048576K
Event: 0.805 GC heap after
Heap after GC invocations=2 (full 0):
 PSYoungGen      total 141824K, used 10750K [0x000000076af80000, 0x0000000774480000, 0x00000007c0000000)
  eden space 131072K, 0% used [0x000000076af80000,0x000000076af80000,0x0000000772f80000)
  from space 10752K, 99% used [0x0000000773a00000,0x000000077447f870,0x0000000774480000)
  to   space 10752K, 0% used [0x0000000772f80000,0x0000000772f80000,0x0000000773a00000)
 ParOldGen       total 175104K, used 16265K [0x00000006c0e00000, 0x00000006cb900000, 0x000000076af80000)
  object space 175104K, 9% used [0x00000006c0e00000,0x00000006c1de2780,0x00000006cb900000)
 Metaspace       used 15679K, capacity 15818K, committed 16000K, reserved 1062912K
  class space    used 2035K, capacity 2079K, committed 2176K, reserved 1048576K
}
Event: 1.273 GC heap before
{Heap before GC invocations=3 (full 0):
 PSYoungGen      total 141824K, used 60433K [0x000000076af80000, 0x0000000774480000, 0x00000007c0000000)
  eden space 131072K, 37% used [0x000000076af80000,0x000000076e004f28,0x0000000772f80000)
  from space 10752K, 99% used [0x0000000773a00000,0x000000077447f870,0x0000000774480000)
  to   space 10752K, 0% used [0x0000000772f80000,0x0000000772f80000,0x0000000773a00000)
 ParOldGen       total 175104K, used 16265K [0x00000006c0e00000, 0x00000006cb900000, 0x000000076af80000)
  object space 175104K, 9% used [0x00000006c0e00000,0x00000006c1de2780,0x00000006cb900000)
 Metaspace       used 20909K, capacity 21132K, committed 21248K, reserved 1067008K
  class space    used 2656K, capacity 2718K, committed 2816K, reserved 1048576K
Event: 1.280 GC heap after
Heap after GC invocations=3 (full 0):
 PSYoungGen      total 141824K, used 10722K [0x000000076af80000, 0x000000077c480000, 0x00000007c0000000)
  eden space 131072K, 0% used [0x000000076af80000,0x000000076af80000,0x0000000772f80000)
  from space 10752K, 99% used [0x0000000772f80000,0x00000007739f88b0,0x0000000773a00000)
  to   space 10752K, 0% used [0x000000077ba00000,0x000000077ba00000,0x000000077c480000)
 ParOldGen       total 175104K, used 23066K [0x00000006c0e00000, 0x00000006cb900000, 0x000000076af80000)
  object space 175104K, 13% used [0x00000006c0e00000,0x00000006c2486ba8,0x00000006cb900000)
 Metaspace       used 20909K, capacity 21132K, committed 21248K, reserved 1067008K
  class space    used 2656K, capacity 2718K, committed 2816K, reserved 1048576K
}
Event: 1.280 GC heap before
{Heap before GC invocations=4 (full 1):
 PSYoungGen      total 141824K, used 10722K [0x000000076af80000, 0x000000077c480000, 0x00000007c0000000)
  eden space 131072K, 0% used [0x000000076af80000,0x000000076af80000,0x0000000772f80000)
  from space 10752K, 99% used [0x0000000772f80000,0x00000007739f88b0,0x0000000773a00000)
  to   space 10752K, 0% used [0x000000077ba00000,0x000000077ba00000,0x000000077c480000)
 ParOldGen       total 175104K, used 23066K [0x00000006c0e00000, 0x00000006cb900000, 0x000000076af80000)
  object space 175104K, 13% used [0x00000006c0e00000,0x00000006c2486ba8,0x00000006cb900000)
 Metaspace       used 20909K, capacity 21132K, committed 21248K, reserved 1067008K
  class space    used 2656K, capacity 2718K, committed 2816K, reserved 1048576K
Event: 1.312 GC heap after
Heap after GC invocations=4 (full 1):
 PSYoungGen      total 141824K, used 0K [0x000000076af80000, 0x000000077c480000, 0x00000007c0000000)
  eden space 131072K, 0% used [0x000000076af80000,0x000000076af80000,0x0000000772f80000)
  from space 10752K, 0% used [0x0000000772f80000,0x0000000772f80000,0x0000000773a00000)
  to   space 10752K, 0% used [0x000000077ba00000,0x000000077ba00000,0x000000077c480000)
 ParOldGen       total 136192K, used 20462K [0x00000006c0e00000, 0x00000006c9300000, 0x000000076af80000)
  object space 136192K, 15% used [0x00000006c0e00000,0x00000006c21fb8c8,0x00000006c9300000)
 Metaspace       used 20909K, capacity 21132K, committed 21248K, reserved 1067008K
  class space    used 2656K, capacity 2718K, committed 2816K, reserved 1048576K
}

Deoptimization events (10 events):
Event: 1.067 Thread 0x000002d9674eb800 Uncommon trap: reason=class_check action=maybe_recompile pc=0x000002d9695cd254 method=org.eclipse.xtext.nodemodel.impl.NodeModelBuilder.addChild(Lorg/eclipse/xtext/nodemodel/ICompositeNode;Lorg/eclipse/xtext/nodemodel/impl/AbstractNode;)V @ 6
Event: 1.127 Thread 0x000002d9674eb800 Uncommon trap: reason=unstable_if action=reinterpret pc=0x000002d96940a414 method=java.util.concurrent.ConcurrentHashMap.putVal(Ljava/lang/Object;Ljava/lang/Object;Z)Ljava/lang/Object; @ 181
Event: 1.167 Thread 0x000002d9674eb800 Uncommon trap: reason=bimorphic action=maybe_recompile pc=0x000002d9697a2d94 method=com.google.common.collect.AbstractIterator.tryToComputeNext()Z @ 9
Event: 1.167 Thread 0x000002d9674eb800 Uncommon trap: reason=bimorphic action=maybe_recompile pc=0x000002d9697a2d94 method=com.google.common.collect.AbstractIterator.tryToComputeNext()Z @ 9
Event: 1.167 Thread 0x000002d9674eb800 Uncommon trap: reason=bimorphic action=maybe_recompile pc=0x000002d9697a2d94 method=com.google.common.collect.AbstractIterator.tryToComputeNext()Z @ 9
Event: 1.167 Thread 0x000002d9674eb800 Uncommon trap: reason=bimorphic action=maybe_recompile pc=0x000002d9697a2d94 method=com.google.common.collect.AbstractIterator.tryToComputeNext()Z @ 9
Event: 1.167 Thread 0x000002d9674eb800 Uncommon trap: reason=unstable_if action=reinterpret pc=0x000002d9697c655c method=org.eclipse.emf.common.notify.impl.NotifierImpl.eAdapters()Lorg/eclipse/emf/common/util/EList; @ 4
Event: 1.169 Thread 0x000002d9674eb800 Uncommon trap: reason=unstable_if action=reinterpret pc=0x000002d9697db798 method=org.eclipse.emf.common.notify.impl.BasicNotifierImpl$EAdapterList.getAdapterForType(Ljava/lang/Object;)Lorg/eclipse/emf/common/notify/Adapter; @ 50
Event: 1.172 Thread 0x000002d9674eb800 Uncommon trap: reason=unstable_if action=reinterpret pc=0x000002d9697d1d7c method=org.eclipse.emf.common.notify.impl.BasicNotifierImpl$EAdapterList.getAdapterForType(Ljava/lang/Object;)Lorg/eclipse/emf/common/notify/Adapter; @ 50
Event: 1.237 Thread 0x000002d9674eb800 Uncommon trap: reason=unstable_if action=reinterpret pc=0x000002d9691e4810 method=java.io.WinNTFileSystem.normalize(Ljava/lang/String;)Ljava/lang/String; @ 49

Classes redefined (0 events):
No events

Internal exceptions (10 events):
Event: 1.070 Thread 0x000002d9674eb800 Exception <a 'java/io/FileNotFoundException'> (0x000000076c778d50) thrown at [J:\jenkins\tmp\workspace\build\src\hotspot\src\share\vm\prims\jni.cpp, line 711]
Event: 1.183 Thread 0x000002d9674eb800 Exception <a 'java/lang/reflect/InvocationTargetException'> (0x000000076d56dfa8) thrown at [J:\jenkins\tmp\workspace\build\src\hotspot\src\share\vm\runtime\reflection.cpp, line 1092]
Event: 1.184 Thread 0x000002d9674eb800 Exception <a 'java/lang/reflect/InvocationTargetException'> (0x000000076d58a390) thrown at [J:\jenkins\tmp\workspace\build\src\hotspot\src\share\vm\runtime\reflection.cpp, line 1092]
Event: 1.184 Thread 0x000002d9674eb800 Exception <a 'java/lang/reflect/InvocationTargetException'> (0x000000076d5a6860) thrown at [J:\jenkins\tmp\workspace\build\src\hotspot\src\share\vm\runtime\reflection.cpp, line 1092]
Event: 1.320 Thread 0x000002d9674eb800 Exception <a 'java/security/PrivilegedActionException'> (0x000000076b2d52d0) thrown at [J:\jenkins\tmp\workspace\build\src\hotspot\src\share\vm\prims\jvm.cpp, line 1523]
Event: 1.320 Thread 0x000002d9674eb800 Exception <a 'java/security/PrivilegedActionException'> (0x000000076b2d6800) thrown at [J:\jenkins\tmp\workspace\build\src\hotspot\src\share\vm\prims\jvm.cpp, line 1523]
Event: 1.320 Thread 0x000002d9674eb800 Exception <a 'java/security/PrivilegedActionException'> (0x000000076b2d7c30) thrown at [J:\jenkins\tmp\workspace\build\src\hotspot\src\share\vm\prims\jvm.cpp, line 1523]
Event: 1.320 Thread 0x000002d9674eb800 Exception <a 'java/security/PrivilegedActionException'> (0x000000076b2d92f0) thrown at [J:\jenkins\tmp\workspace\build\src\hotspot\src\share\vm\prims\jvm.cpp, line 1523]
Event: 1.320 Thread 0x000002d9674eb800 Exception <a 'java/security/PrivilegedActionException'> (0x000000076b2da6e8) thrown at [J:\jenkins\tmp\workspace\build\src\hotspot\src\share\vm\prims\jvm.cpp, line 1523]
Event: 1.320 Thread 0x000002d9674eb800 Exception <a 'java/security/PrivilegedActionException'> (0x000000076b2dbab0) thrown at [J:\jenkins\tmp\workspace\build\src\hotspot\src\share\vm\prims\jvm.cpp, line 1523]

Events (10 events):
Event: 1.328 loading class org/lwjgl/openal/ALCdevice
Event: 1.328 loading class org/lwjgl/openal/ALCdevice done
Event: 1.328 loading class org/lwjgl/openal/ALCcontext
Event: 1.328 loading class org/lwjgl/openal/ALCcontext done
Event: 1.328 loading class java/nio/DirectIntBufferU
Event: 1.328 loading class java/nio/DirectIntBufferU done
Event: 1.328 loading class org/lwjgl/openal/Util
Event: 1.328 loading class org/lwjgl/openal/Util done
Event: 1.329 loading class org/lwjgl/openal/OpenALException
Event: 1.329 loading class org/lwjgl/openal/OpenALException done


Dynamic libraries:
0x00007ff75ff00000 - 0x00007ff75ff3a000 	C:\Program Files\Eclipse Foundation\jdk-8.0.302.8-hotspot\bin\javaw.exe
0x00007ffa01180000 - 0x00007ffa01360000 	C:\WINDOWS\SYSTEM32\ntdll.dll
0x00007ff9fed90000 - 0x00007ff9fee3e000 	C:\WINDOWS\System32\KERNEL32.DLL
0x00007ff9fd8e0000 - 0x00007ff9fdb46000 	C:\WINDOWS\System32\KERNELBASE.dll
0x00007ff9fe650000 - 0x00007ff9fe6f1000 	C:\WINDOWS\System32\ADVAPI32.dll
0x00007ff9fef20000 - 0x00007ff9fefbd000 	C:\WINDOWS\System32\msvcrt.dll
0x00007ffa00a50000 - 0x00007ffa00aab000 	C:\WINDOWS\System32\sechost.dll
0x00007ffa01020000 - 0x00007ffa0113f000 	C:\WINDOWS\System32\RPCRT4.dll
0x00007ff9fec00000 - 0x00007ff9fed8f000 	C:\WINDOWS\System32\USER32.dll
0x00007ff9fd750000 - 0x00007ff9fd770000 	C:\WINDOWS\System32\win32u.dll
0x00007ff9feee0000 - 0x00007ff9fef08000 	C:\WINDOWS\System32\GDI32.dll
0x00007ff9fe400000 - 0x00007ff9fe593000 	C:\WINDOWS\System32\gdi32full.dll
0x00007ff9fd7c0000 - 0x00007ff9fd85b000 	C:\WINDOWS\System32\msvcp_win.dll
0x00007ff9fe300000 - 0x00007ff9fe3f4000 	C:\WINDOWS\System32\ucrtbase.dll
0x00007ff9f6560000 - 0x00007ff9f67c9000 	C:\WINDOWS\WinSxS\amd64_microsoft.windows.common-controls_6595b64144ccf1df_6.0.16299.1775_none_0f8fa1005a663f55\COMCTL32.dll
0x00007ffa005d0000 - 0x00007ffa008d6000 	C:\WINDOWS\System32\combase.dll
0x00007ff9fd860000 - 0x00007ff9fd8d8000 	C:\WINDOWS\System32\bcryptPrimitives.dll
0x00007ff9ff160000 - 0x00007ff9ff18d000 	C:\WINDOWS\System32\IMM32.DLL
0x00007ff9e9df0000 - 0x00007ff9e9edf000 	C:\Program Files\Eclipse Foundation\jdk-8.0.302.8-hotspot\jre\bin\msvcr120.dll
0x00007ff9e9d40000 - 0x00007ff9e9de6000 	C:\Program Files\Eclipse Foundation\jdk-8.0.302.8-hotspot\jre\bin\msvcp120.dll
0x000000005c160000 - 0x000000005c9cb000 	C:\Program Files\Eclipse Foundation\jdk-8.0.302.8-hotspot\jre\bin\server\jvm.dll
0x00007ffa01140000 - 0x00007ffa01148000 	C:\WINDOWS\System32\PSAPI.DLL
0x00007ff9fa1f0000 - 0x00007ff9fa1f9000 	C:\WINDOWS\SYSTEM32\WSOCK32.dll
0x00007ffa00b30000 - 0x00007ffa00b9c000 	C:\WINDOWS\System32\WS2_32.dll
0x00007ff9fb740000 - 0x00007ff9fb763000 	C:\WINDOWS\SYSTEM32\WINMM.dll
0x00007ff9f7eb0000 - 0x00007ff9f7eba000 	C:\WINDOWS\SYSTEM32\VERSION.dll
0x00007ff9fb6e0000 - 0x00007ff9fb70a000 	C:\WINDOWS\SYSTEM32\winmmbase.dll
0x00007ff9fd770000 - 0x00007ff9fd7ba000 	C:\WINDOWS\System32\cfgmgr32.dll
0x00007ff9f9b00000 - 0x00007ff9f9b0f000 	C:\Program Files\Eclipse Foundation\jdk-8.0.302.8-hotspot\jre\bin\verify.dll
0x00007ff9eb300000 - 0x00007ff9eb329000 	C:\Program Files\Eclipse Foundation\jdk-8.0.302.8-hotspot\jre\bin\java.dll
0x00007ff9ebe90000 - 0x00007ff9ebea6000 	C:\Program Files\Eclipse Foundation\jdk-8.0.302.8-hotspot\jre\bin\zip.dll
0x00007ff9ff190000 - 0x00007ffa005cd000 	C:\WINDOWS\System32\SHELL32.dll
0x00007ff9fe700000 - 0x00007ff9fe7a6000 	C:\WINDOWS\System32\shcore.dll
0x00007ff9fdb50000 - 0x00007ff9fe29a000 	C:\WINDOWS\System32\windows.storage.dll
0x00007ffa00ba0000 - 0x00007ffa00bf1000 	C:\WINDOWS\System32\shlwapi.dll
0x00007ff9fd4f0000 - 0x00007ff9fd501000 	C:\WINDOWS\System32\kernel.appcore.dll
0x00007ff9fd530000 - 0x00007ff9fd57c000 	C:\WINDOWS\System32\powrprof.dll
0x00007ff9fd510000 - 0x00007ff9fd52b000 	C:\WINDOWS\System32\profapi.dll
0x0000000065580000 - 0x0000000065616000 	C:\Users\SONEK\AppData\Local\Temp\libgdxSONEK\12dfaa03\gdx64.dll
0x00007ff9fcec0000 - 0x00007ff9fced7000 	C:\WINDOWS\SYSTEM32\CRYPTSP.dll
0x00007ff9fc8c0000 - 0x00007ff9fc8f3000 	C:\WINDOWS\system32\rsaenh.dll
0x00007ff9fd030000 - 0x00007ff9fd055000 	C:\WINDOWS\SYSTEM32\bcrypt.dll
0x00007ff9fd3d0000 - 0x00007ff9fd3f9000 	C:\WINDOWS\SYSTEM32\USERENV.dll
0x00007ff9fcee0000 - 0x00007ff9fceeb000 	C:\WINDOWS\SYSTEM32\CRYPTBASE.dll
0x00007ff9eb750000 - 0x00007ff9eb76a000 	C:\Program Files\Eclipse Foundation\jdk-8.0.302.8-hotspot\jre\bin\net.dll
0x00007ff9fcd00000 - 0x00007ff9fcd66000 	C:\WINDOWS\system32\mswsock.dll
0x00007ff9fca50000 - 0x00007ff9fca89000 	C:\WINDOWS\SYSTEM32\IPHLPAPI.DLL
0x00007ffa00c00000 - 0x00007ffa00c08000 	C:\WINDOWS\System32\NSI.dll
0x00007ff9f89b0000 - 0x00007ff9f89c6000 	C:\WINDOWS\SYSTEM32\dhcpcsvc6.DLL
0x00007ff9f8a90000 - 0x00007ff9f8aaa000 	C:\WINDOWS\SYSTEM32\dhcpcsvc.DLL
0x00007ff9eb2e0000 - 0x00007ff9eb2f2000 	C:\Program Files\Eclipse Foundation\jdk-8.0.302.8-hotspot\jre\bin\nio.dll
0x0000000180000000 - 0x0000000180053000 	C:\Users\SONEK\AppData\Local\Temp\libgdxSONEK\dc0f0009\lwjgl64.dll
0x00007ff9e8830000 - 0x00007ff9e894e000 	C:\WINDOWS\SYSTEM32\OPENGL32.dll
0x00007ff9eb3a0000 - 0x00007ff9eb3cc000 	C:\WINDOWS\SYSTEM32\GLU32.dll
0x000002d97ee30000 - 0x000002d97ee94000 	C:\Users\SONEK\AppData\Local\Temp\libgdxSONEK\dc0f0009\OpenAL64.dll
0x00007ffa00c10000 - 0x00007ffa00d59000 	C:\WINDOWS\System32\ole32.dll
0x00007ff9fbc60000 - 0x00007ff9fbcf5000 	C:\WINDOWS\system32\uxtheme.dll
0x00007ff9fee40000 - 0x00007ff9feede000 	C:\WINDOWS\System32\clbcatq.dll
0x00007ff9fa2a0000 - 0x00007ff9fa451000 	C:\WINDOWS\System32\PROPSYS.dll
0x00007ffa00d80000 - 0x00007ffa00e44000 	C:\WINDOWS\System32\OLEAUT32.dll
0x00007ff9e9290000 - 0x00007ff9e931f000 	C:\WINDOWS\SYSTEM32\dsound.dll
0x00007ff9f4820000 - 0x00007ff9f488f000 	C:\WINDOWS\System32\MMDevApi.dll
0x00007ff9fd2e0000 - 0x00007ff9fd307000 	C:\WINDOWS\System32\DEVOBJ.dll
0x00007ff9e0b10000 - 0x00007ff9e0c32000 	C:\WINDOWS\SYSTEM32\AUDIOSES.DLL
0x00007ff9f99b0000 - 0x00007ff9f9ae6000 	C:\WINDOWS\SYSTEM32\wintypes.dll
0x00007ff9f9240000 - 0x00007ff9f924a000 	C:\WINDOWS\SYSTEM32\AVRT.dll
0x00007ff9eb7b0000 - 0x00007ff9eb978000 	C:\WINDOWS\SYSTEM32\dbghelp.dll

VM Arguments:
jvm_args: -Duser.language=es_AR -Dfile.encoding=UTF-8 
java_command: org.uqbar.project.wollok.launch.WollokLauncher -requestsPort 0 -eventsPort 0 -folder -dontValidate -coercingStrategy decimals -wf src/juego.wpgm -darkMode
java_class_path (initial): D:\Paradigmas 2021\OBJETOS\TP OBJETOS\2021-o-tpi-juego-f15\bin;C:\Users\SONEK\Desktop\wollok-win32.win32.x86_64\plugins\com.ibm.icu_64.2.0.v20190507-1337.jar;C:\Users\SONEK\Desktop\wollok-win32.win32.x86_64\plugins\org.eclipse.xtext_2.20.0.v20191202-0915.jar;C:\Users\SONEK\Desktop\wollok-win32.win32.x86_64\plugins\org.eclipse.emf.ecore.xmi_2.16.0.v20190528-0725.jar;C:\Users\SONEK\Desktop\wollok-win32.win32.x86_64\plugins\org.eclipse.emf.ecore_2.20.0.v20190920-0401.jar;C:\Users\SONEK\Desktop\wollok-win32.win32.x86_64\plugins\org.eclipse.emf.common_2.17.0.v20190920-0401.jar;C:\Users\SONEK\Desktop\wollok-win32.win32.x86_64\plugins\org.antlr.runtime_3.2.0.v201101311130.jar;C:\Users\SONEK\Desktop\wollok-win32.win32.x86_64\plugins\com.google.inject_3.0.0.v201605172100.jar;C:\Users\SONEK\Desktop\wollok-win32.win32.x86_64\plugins\org.eclipse.emf.mwe.core_1.5.1.v20191121-1148.jar;C:\Users\SONEK\Desktop\wollok-win32.win32.x86_64\plugins\org.apache.commons.cli_1.2.0.v201404270220.jar;C:\Users\SONEK\Desktop\wollok-win32.win32.x86_64\plugins\org.eclipse.emf.mwe2.runtime_2.11.1.v20191121-1148.jar;C:\Users\SONEK\Desktop\wollok-win32.win32.x86_64\plugins\org.eclipse.emf.mwe.utils_1.5.1.v20191121-1148.jar;C:\Users\SONEK\Desktop\wollok-win32.win32.x86_64\plugins\org.eclipse.xtext.util_2.20.0.v20191202-0915.jar;C:\Users\SONEK\Desktop\wollok-win32.win32.x86_64\plugins\com.google.guava_27.1.0.v20190517-1946.jar;C:\Users\SONEK\Desktop\wollok-win32.win32.x86_64\plugins\javax.inject_1.0.0.v20091030.jar;C:\Users\SONEK\Desktop\wollok-win32.win32.x86_64\plugins\org.eclipse.xtext.generator_2.20.0.v20191202-0933.jar;C:\Users\SONEK\Desktop\wollok-win32.win32.x86_64\plugins\org.eclipse.xtext.xtext.generator_2.20.0.v20191202-0915.jar;C:\Users\SONEK\Desktop\wollok-win32.win32.x86_64\plugins\org.eclipse.xtext.xbase.lib_2.20.0.v20191202-0907.jar;C:\Users\SONEK\Desktop\wollok-win32.win32.x86_64\plugins\org.eclipse.emf.codegen.ecore_2.20.0.v20191012-0918.jar;C:\Users\SONEK\
Launcher Type: SUN_STANDARD

Environment Variables:
PATH=C:/Program Files/Eclipse Foundation/jdk-8.0.302.8-hotspot/bin/../jre/bin/server;C:/Program Files/Eclipse Foundation/jdk-8.0.302.8-hotspot/bin/../jre/bin;C:/Program Files/Eclipse Foundation/jdk-8.0.302.8-hotspot/bin/../jre/lib/amd64;C:\Program Files\Eclipse Foundation\jdk-8.0.302.8-hotspot\bin;C:\WINDOWS\system32;C:\WINDOWS;C:\WINDOWS\System32\Wbem;C:\WINDOWS\System32\WindowsPowerShell\v1.0\;C:\Program Files\Git\cmd;C:\MinGW\bin;C:\Program Files\swipl\bin;D:\WebDriver;C:\Program Files (x86)\GnuWin32\bin;D:\GnuWin32\bin;C:\Users\SONEK\AppData\Local\Programs\Python\Python39\Scripts\;C:\Users\SONEK\AppData\Local\Programs\Python\Python39\;C:\Users\SONEK\AppData\Roaming\local\bin;C:\Users\SONEK\AppData\Local\Microsoft\WindowsApps;C:\Users\SONEK\AppData\Local\Programs\Microsoft VS Code\bin;C:\Users\SONEK\Desktop\wollok-win32.win32.x86_64;
USERNAME=SONEK
OS=Windows_NT
PROCESSOR_IDENTIFIER=Intel64 Family 6 Model 158 Stepping 9, GenuineIntel



---------------  S Y S T E M  ---------------

OS: Windows 10.0 , 64 bit Build 16299 (10.0.16299.1775)

CPU:total 4 (initial active 4) (4 cores per cpu, 1 threads per core) family 6 model 158 stepping 9, cmov, cx8, fxsr, mmx, sse, sse2, sse3, ssse3, sse4.1, sse4.2, popcnt, avx, avx2, aes, clmul, erms, rtm, 3dnowpref, lzcnt, tsc, tscinvbit, bmi1, bmi2, adx

Memory: 4k page, physical 16716184k(12301904k free), swap 19206552k(12222452k free)

vm_info: OpenJDK 64-Bit Server VM (25.302-b08) for windows-amd64 JRE (1.8.0_302-b08), built on Jul 20 2021 21:31:03 by "jenkins" with MS VC++ 12.0 (VS2013)

time: Thu Sep 30 15:07:31 2021
timezone: Hora estándar de Argentina
elapsed time: 1.338409 seconds (0d 0h 0m 1s)

