#
# A fatal error has been detected by the Java Runtime Environment:
#
#  EXCEPTION_ACCESS_VIOLATION (0xc0000005) at pc=0x0000020a4c171066, pid=12360, tid=0x0000000000004e30
#
# JRE version: OpenJDK Runtime Environment (8.0_282-b08) (build 1.8.0_282-b08)
# Java VM: OpenJDK 64-Bit Server VM (25.282-b08 mixed mode windows-amd64 compressed oops)
# Problematic frame:
# C  [OpenAL64.dll+0x11066]
#
# Failed to write core dump. Minidumps are not enabled by default on client versions of Windows
#
# If you would like to submit a bug report, please visit:
#   https://github.com/AdoptOpenJDK/openjdk-support/issues
# The crash happened outside the Java Virtual Machine in native code.
# See problematic frame for where to report the bug.
#

---------------  T H R E A D  ---------------

Current thread (0x0000020a2cc4f800):  JavaThread "main" [_thread_in_native, id=20016, stack(0x000000dca1500000,0x000000dca1600000)]

siginfo: ExceptionCode=0xc0000005, reading address 0x0000020a4a184004

Registers:
RAX=0x0000000000000004, RBX=0x0000020a4d8f0090, RCX=0x0000020a4a184008, RDX=0x0000020a4a184004
RSP=0x000000dca15fd010, RBP=0x00000000000000ff, RSI=0x0000020a4a183ecc, RDI=0x0000000000000000
R8 =0x000000000000004e, R9 =0x0000020a4a183ecc, R10=0x0000020a2e619c62, R11=0x0000000072da1670
R12=0x0000000000000001, R13=0x0000020a4d6ff888, R14=0x000000dca15fd1b0, R15=0x0000020a2cc4f800
RIP=0x0000020a4c171066, EFLAGS=0x0000000000010202

Top of Stack: (sp=0x000000dca15fd010)
0x000000dca15fd010:   0000000000000000 0000000000000000
0x000000dca15fd020:   0000000000000000 0000020a2cc4f800
0x000000dca15fd030:   000000dca15fd1b0 0000020a4d6ff888
0x000000dca15fd040:   0000020a2cc4f800 0000020a2cc3d5d0
0x000000dca15fd050:   0000020a4d6ff888 0000000000000000
0x000000dca15fd060:   0000020a2cc1b2a0 0000000072c3a425
0x000000dca15fd070:   000000dca15fd940 0000020a2cc50260
0x000000dca15fd080:   0000020a2cc4f800 000000dca15fd1b0
0x000000dca15fd090:   0000020a4d6ff888 0000000000000000
0x000000dca15fd0a0:   0000020a4a183ecc 0000000000000248
0x000000dca15fd0b0:   000000dca15fd178 0000020a4c17248f
0x000000dca15fd0c0:   0000020a4d8f0090 0000020a4d8f0090
0x000000dca15fd0d0:   000000000000ac44 0000020a00000004
0x000000dca15fd0e0:   0000020a2e607bd0 0000020a2e619c8e
0x000000dca15fd0f0:   0000020a4d6ff888 000000dca15fd0f8
0x000000dca15fd100:   0000020a2e607bd0 0000020a2e61999b 

Instructions: (pc=0x0000020a4c171066)
0x0000020a4c171046:   41 2b ec 81 3a 03 00 02 00 75 09 8b 01 89 84 24
0x0000020a4c171056:   c8 00 00 00 49 83 c0 02 48 83 c1 08 4a 8d 14 86
0x0000020a4c171066:   39 3a 75 af 4c 8d 84 24 c0 00 00 00 48 8d 15 d7
0x0000020a4c171076:   2b 03 00 33 c9 e8 58 5f 00 00 b8 40 1f 00 00 4c 


Register to memory mapping:

RAX=0x0000000000000004 is an unknown value
RBX=0x0000020a4d8f0090 is an unknown value
RCX=0x0000020a4a184008 is an unknown value
RDX=0x0000020a4a184004 is an unknown value
RSP=0x000000dca15fd010 is pointing into the stack for thread: 0x0000020a2cc4f800
RBP=0x00000000000000ff is an unknown value
RSI=0x0000020a4a183ecc is an unknown value
RDI=0x0000000000000000 is an unknown value
R8 =0x000000000000004e is an unknown value
R9 =0x0000020a4a183ecc is an unknown value
R10=0x0000020a2e619c62 is at code_begin+962 in an Interpreter codelet
method entry point (kind = native)  [0x0000020a2e6198a0, 0x0000020a2e61a340]  2720 bytes
R11=0x0000000072da1670 is an unknown value
R12=0x0000000000000001 is an unknown value
R13={method} {0x0000020a4d6ff890} 'nalcCreateContext' '(JJ)J' in 'org/lwjgl/openal/ALC10'
R14=0x000000dca15fd1b0 is pointing into the stack for thread: 0x0000020a2cc4f800
R15=0x0000020a2cc4f800 is a thread


Stack: [0x000000dca1500000,0x000000dca1600000],  sp=0x000000dca15fd010,  free space=1012k
Native frames: (J=compiled Java code, j=interpreted, Vv=VM code, C=native code)
C  [OpenAL64.dll+0x11066]
C  [OpenAL64.dll+0x1248f]
C  0x0000020a2e619c8e

Java frames: (J=compiled Java code, j=interpreted, Vv=VM code)
j  org.lwjgl.openal.ALC10.nalcCreateContext(JJ)J+0
j  org.lwjgl.openal.ALC10.alcCreateContext(Lorg/lwjgl/openal/ALCdevice;Ljava/nio/IntBuffer;)Lorg/lwjgl/openal/ALCcontext;+8
j  org.lwjgl.openal.AL.init(Ljava/lang/String;IIZZ)V+69
j  org.lwjgl.openal.AL.create(Ljava/lang/String;IIZZ)V+246
j  org.lwjgl.openal.AL.create(Ljava/lang/String;IIZ)V+5
j  org.lwjgl.openal.AL.create()V+6
j  com.badlogic.gdx.backends.lwjgl.audio.OpenALAudio.<init>(III)V+114
j  com.badlogic.gdx.backends.lwjgl.LwjglApplication.<init>(Lcom/badlogic/gdx/ApplicationListener;Lcom/badlogic/gdx/backends/lwjgl/LwjglApplicationConfiguration;Lcom/badlogic/gdx/backends/lwjgl/LwjglGraphics;)V+120
j  com.badlogic.gdx.backends.lwjgl.LwjglApplication.<init>(Lcom/badlogic/gdx/ApplicationListener;Lcom/badlogic/gdx/backends/lwjgl/LwjglApplicationConfiguration;)V+11
j  org.uqbar.project.wollok.game.gameboard.WollokGDXApplication.<init>(Lorg/uqbar/project/wollok/game/gameboard/Gameboard;Ljava/lang/Boolean;)V+17
j  org.uqbar.project.wollok.game.helpers.Application.start(Lorg/uqbar/project/wollok/game/gameboard/Gameboard;Ljava/lang/Boolean;)V+5
j  org.uqbar.project.wollok.game.gameboard.Gameboard.start(Ljava/lang/Boolean;)V+13
j  wollok.game.GameObject.doStart(Ljava/lang/Boolean;)V+12
v  ~StubRoutines::call_stub
j  sun.reflect.NativeMethodAccessorImpl.invoke0(Ljava/lang/reflect/Method;Ljava/lang/Object;[Ljava/lang/Object;)Ljava/lang/Object;+0
j  sun.reflect.NativeMethodAccessorImpl.invoke(Ljava/lang/Object;[Ljava/lang/Object;)Ljava/lang/Object;+100
J 2673 C1 sun.reflect.DelegatingMethodAccessorImpl.invoke(Ljava/lang/Object;[Ljava/lang/Object;)Ljava/lang/Object; (10 bytes) @ 0x0000020a2eeefc4c [0x0000020a2eeefb40+0x10c]
J 2672 C1 java.lang.reflect.Method.invoke(Ljava/lang/Object;[Ljava/lang/Object;)Ljava/lang/Object; (62 bytes) @ 0x0000020a2eeeddf4 [0x0000020a2eeeda00+0x3f4]
j  org.uqbar.project.wollok.ui.utils.XTendUtilExtensions.invokeConvertingArgs(Ljava/lang/reflect/Method;Ljava/lang/Object;[Ljava/lang/Object;)Lorg/uqbar/project/wollok/interpreter/core/WollokObject;+261
j  org.uqbar.project.wollok.interpreter.AbstractWollokCallable._invokeNative(Ljava/lang/Object;Ljava/lang/String;[Lorg/uqbar/project/wollok/interpreter/core/WollokObject;)Lorg/uqbar/project/wollok/interpreter/core/WollokObject;+41
j  org.uqbar.project.wollok.interpreter.AbstractWollokCallable.invokeNative(Ljava/lang/Object;Ljava/lang/String;[Lorg/uqbar/project/wollok/interpreter/core/WollokObject;)Lorg/uqbar/project/wollok/interpreter/core/WollokObject;+26
j  org.uqbar.project.wollok.interpreter.AbstractWollokCallable$1.apply()Lorg/uqbar/project/wollok/interpreter/core/WollokObject;+55
j  org.uqbar.project.wollok.interpreter.AbstractWollokCallable$1.apply()Ljava/lang/Object;+1
j  org.uqbar.project.wollok.interpreter.threads.WThread.performOnStack(Lorg/eclipse/emf/ecore/EObject;Lorg/uqbar/project/wollok/interpreter/context/EvaluationContext;Lorg/eclipse/xtext/xbase/lib/Functions$Function0;)Lorg/uqbar/project/wollok/interpreter/core/WollokObject;+29
j  org.uqbar.project.wollok.interpreter.WollokInterpreter.performOnStack(Lorg/eclipse/emf/ecore/EObject;Lorg/uqbar/project/wollok/interpreter/context/EvaluationContext;Lorg/eclipse/xtext/xbase/lib/Functions$Function0;)Lorg/uqbar/project/wollok/interpreter/core/WollokObject;+7
j  org.uqbar.project.wollok.interpreter.AbstractWollokCallable.call(Lorg/uqbar/project/wollok/wollokDsl/WMethodDeclaration;[Lorg/uqbar/project/wollok/interpreter/core/WollokObject;)Lorg/uqbar/project/wollok/interpreter/core/WollokObject;+38
j  org.uqbar.project.wollok.interpreter.core.WollokObject.call(Ljava/lang/String;[Lorg/uqbar/project/wollok/interpreter/core/WollokObject;)Lorg/uqbar/project/wollok/interpreter/core/WollokObject;+55
j  org.uqbar.project.wollok.interpreter.WollokInterpreterEvaluator._evaluate(Lorg/uqbar/project/wollok/wollokDsl/WFeatureCall;)Lorg/uqbar/project/wollok/interpreter/core/WollokObject;+119
j  org.uqbar.project.wollok.launch.WollokLauncherInterpreterEvaluator.evaluate(Lorg/eclipse/emf/ecore/EObject;)Lorg/uqbar/project/wollok/interpreter/core/WollokObject;+412
j  org.uqbar.project.wollok.interpreter.WollokInterpreterEvaluator.evaluate(Lorg/eclipse/emf/ecore/EObject;)Ljava/lang/Object;+2
j  org.uqbar.project.wollok.interpreter.WollokInterpreter.eval(Lorg/eclipse/emf/ecore/EObject;)Lorg/uqbar/project/wollok/interpreter/core/WollokObject;+63
j  org.uqbar.project.wollok.interpreter.WollokInterpreterEvaluator.eval(Lorg/eclipse/emf/ecore/EObject;)Lorg/uqbar/project/wollok/interpreter/core/WollokObject;+5
j  org.uqbar.project.wollok.interpreter.WollokInterpreterEvaluator$1.apply(Lorg/uqbar/project/wollok/interpreter/core/WollokObject;Lorg/eclipse/emf/ecore/EObject;)Lorg/uqbar/project/wollok/interpreter/core/WollokObject;+5
j  org.uqbar.project.wollok.interpreter.WollokInterpreterEvaluator$1.apply(Ljava/lang/Object;Ljava/lang/Object;)Ljava/lang/Object;+9
j  org.eclipse.xtext.xbase.lib.IteratorExtensions.fold(Ljava/util/Iterator;Ljava/lang/Object;Lorg/eclipse/xtext/xbase/lib/Functions$Function2;)Ljava/lang/Object;+19
j  org.eclipse.xtext.xbase.lib.IterableExtensions.fold(Ljava/lang/Iterable;Ljava/lang/Object;Lorg/eclipse/xtext/xbase/lib/Functions$Function2;)Ljava/lang/Object;+8
j  org.uqbar.project.wollok.interpreter.WollokInterpreterEvaluator.evalAll(Ljava/lang/Iterable;)Lorg/uqbar/project/wollok/interpreter/core/WollokObject;+12
j  org.uqbar.project.wollok.interpreter.WollokInterpreterEvaluator._evaluate(Lorg/uqbar/project/wollok/wollokDsl/WBlockExpression;)Lorg/uqbar/project/wollok/interpreter/core/WollokObject;+34
j  org.uqbar.project.wollok.launch.WollokLauncherInterpreterEvaluator.evaluate(Lorg/eclipse/emf/ecore/EObject;)Lorg/uqbar/project/wollok/interpreter/core/WollokObject;+76
j  org.uqbar.project.wollok.interpreter.WollokInterpreterEvaluator.evaluate(Lorg/eclipse/emf/ecore/EObject;)Ljava/lang/Object;+2
j  org.uqbar.project.wollok.interpreter.WollokInterpreter.eval(Lorg/eclipse/emf/ecore/EObject;)Lorg/uqbar/project/wollok/interpreter/core/WollokObject;+63
j  org.uqbar.project.wollok.interpreter.AbstractWollokCallable.eval(Lorg/eclipse/emf/ecore/EObject;)Lorg/uqbar/project/wollok/interpreter/core/WollokObject;+5
j  org.uqbar.project.wollok.interpreter.AbstractWollokCallable$1.apply()Lorg/uqbar/project/wollok/interpreter/core/WollokObject;+110
j  org.uqbar.project.wollok.interpreter.AbstractWollokCallable$1.apply()Ljava/lang/Object;+1
j  org.uqbar.project.wollok.interpreter.threads.WThread.performOnStack(Lorg/eclipse/emf/ecore/EObject;Lorg/uqbar/project/wollok/interpreter/context/EvaluationContext;Lorg/eclipse/xtext/xbase/lib/Functions$Function0;)Lorg/uqbar/project/wollok/interpreter/core/WollokObject;+29
j  org.uqbar.project.wollok.interpreter.WollokInterpreter.performOnStack(Lorg/eclipse/emf/ecore/EObject;Lorg/uqbar/project/wollok/interpreter/context/EvaluationContext;Lorg/eclipse/xtext/xbase/lib/Functions$Function0;)Lorg/uqbar/project/wollok/interpreter/core/WollokObject;+7
j  org.uqbar.project.wollok.interpreter.AbstractWollokCallable.call(Lorg/uqbar/project/wollok/wollokDsl/WMethodDeclaration;[Lorg/uqbar/project/wollok/interpreter/core/WollokObject;)Lorg/uqbar/project/wollok/interpreter/core/WollokObject;+38
j  org.uqbar.project.wollok.interpreter.core.WollokObject.call(Ljava/lang/String;[Lorg/uqbar/project/wollok/interpreter/core/WollokObject;)Lorg/uqbar/project/wollok/interpreter/core/WollokObject;+55
j  org.uqbar.project.wollok.interpreter.WollokInterpreterEvaluator._evaluate(Lorg/uqbar/project/wollok/wollokDsl/WFeatureCall;)Lorg/uqbar/project/wollok/interpreter/core/WollokObject;+119
j  org.uqbar.project.wollok.launch.WollokLauncherInterpreterEvaluator.evaluate(Lorg/eclipse/emf/ecore/EObject;)Lorg/uqbar/project/wollok/interpreter/core/WollokObject;+412
j  org.uqbar.project.wollok.interpreter.WollokInterpreterEvaluator.evaluate(Lorg/eclipse/emf/ecore/EObject;)Ljava/lang/Object;+2
j  org.uqbar.project.wollok.interpreter.WollokInterpreter.eval(Lorg/eclipse/emf/ecore/EObject;)Lorg/uqbar/project/wollok/interpreter/core/WollokObject;+63
j  org.uqbar.project.wollok.interpreter.WollokInterpreterEvaluator.eval(Lorg/eclipse/emf/ecore/EObject;)Lorg/uqbar/project/wollok/interpreter/core/WollokObject;+5
j  org.uqbar.project.wollok.interpreter.WollokInterpreterEvaluator$1.apply(Lorg/uqbar/project/wollok/interpreter/core/WollokObject;Lorg/eclipse/emf/ecore/EObject;)Lorg/uqbar/project/wollok/interpreter/core/WollokObject;+5
j  org.uqbar.project.wollok.interpreter.WollokInterpreterEvaluator$1.apply(Ljava/lang/Object;Ljava/lang/Object;)Ljava/lang/Object;+9
j  org.eclipse.xtext.xbase.lib.IteratorExtensions.fold(Ljava/util/Iterator;Ljava/lang/Object;Lorg/eclipse/xtext/xbase/lib/Functions$Function2;)Ljava/lang/Object;+19
j  org.eclipse.xtext.xbase.lib.IterableExtensions.fold(Ljava/lang/Iterable;Ljava/lang/Object;Lorg/eclipse/xtext/xbase/lib/Functions$Function2;)Ljava/lang/Object;+8
j  org.uqbar.project.wollok.interpreter.WollokInterpreterEvaluator.evalAll(Ljava/lang/Iterable;)Lorg/uqbar/project/wollok/interpreter/core/WollokObject;+12
j  org.uqbar.project.wollok.interpreter.WollokInterpreterEvaluator._evaluate(Lorg/uqbar/project/wollok/wollokDsl/WProgram;)Lorg/uqbar/project/wollok/interpreter/core/WollokObject;+18
j  org.uqbar.project.wollok.launch.WollokLauncherInterpreterEvaluator.evaluate(Lorg/eclipse/emf/ecore/EObject;)Lorg/uqbar/project/wollok/interpreter/core/WollokObject;+444
j  org.uqbar.project.wollok.interpreter.WollokInterpreterEvaluator.evaluate(Lorg/eclipse/emf/ecore/EObject;)Ljava/lang/Object;+2
j  org.uqbar.project.wollok.interpreter.WollokInterpreter.eval(Lorg/eclipse/emf/ecore/EObject;)Lorg/uqbar/project/wollok/interpreter/core/WollokObject;+63
j  org.uqbar.project.wollok.interpreter.WollokInterpreterEvaluator.eval(Lorg/eclipse/emf/ecore/EObject;)Lorg/uqbar/project/wollok/interpreter/core/WollokObject;+5
j  org.uqbar.project.wollok.launch.WollokLauncherInterpreterEvaluator._evaluate(Lorg/uqbar/project/wollok/wollokDsl/WFile;)Lorg/uqbar/project/wollok/interpreter/core/WollokObject;+32
j  org.uqbar.project.wollok.launch.WollokLauncherInterpreterEvaluator.evaluate(Lorg/eclipse/emf/ecore/EObject;)Lorg/uqbar/project/wollok/interpreter/core/WollokObject;+428
j  org.uqbar.project.wollok.interpreter.WollokInterpreterEvaluator.evaluate(Lorg/eclipse/emf/ecore/EObject;)Ljava/lang/Object;+2
j  org.uqbar.project.wollok.interpreter.WollokInterpreter.interpret(Lorg/eclipse/emf/ecore/EObject;Ljava/lang/Boolean;)Lorg/uqbar/project/wollok/interpreter/core/WollokObject;+25
j  org.uqbar.project.wollok.interpreter.WollokInterpreter.interpret(Lorg/eclipse/emf/ecore/EObject;)Lorg/uqbar/project/wollok/interpreter/core/WollokObject;+8
j  org.uqbar.project.wollok.launch.WollokLauncher.doSomething(Lorg/uqbar/project/wollok/wollokDsl/WFile;Lcom/google/inject/Injector;Ljava/io/File;Lorg/uqbar/project/wollok/launch/WollokLauncherParameters;)V+109
j  org.uqbar.project.wollok.launch.WollokChecker.launch(Ljava/lang/String;Lorg/uqbar/project/wollok/launch/WollokLauncherParameters;)V+31
j  org.uqbar.project.wollok.launch.WollokChecker.doMain([Ljava/lang/String;)V+205
j  org.uqbar.project.wollok.launch.WollokLauncher.main([Ljava/lang/String;)V+8
v  ~StubRoutines::call_stub

---------------  P R O C E S S  ---------------

Java Threads: ( => current thread )
  0x0000020a49f01000 JavaThread "com.google.inject.internal.util.$Finalizer" daemon [_thread_blocked, id=18536, stack(0x000000dca2500000,0x000000dca2600000)]
  0x0000020a496eb800 JavaThread "EMF Reference Cleaner" daemon [_thread_blocked, id=9636, stack(0x000000dca2400000,0x000000dca2500000)]
  0x0000020a478cb800 JavaThread "Service Thread" daemon [_thread_blocked, id=11668, stack(0x000000dca2200000,0x000000dca2300000)]
  0x0000020a4783f800 JavaThread "C1 CompilerThread2" daemon [_thread_blocked, id=22368, stack(0x000000dca2100000,0x000000dca2200000)]
  0x0000020a4783e000 JavaThread "C2 CompilerThread1" daemon [_thread_blocked, id=20604, stack(0x000000dca2000000,0x000000dca2100000)]
  0x0000020a47845800 JavaThread "C2 CompilerThread0" daemon [_thread_blocked, id=19540, stack(0x000000dca1f00000,0x000000dca2000000)]
  0x0000020a47834800 JavaThread "Attach Listener" daemon [_thread_blocked, id=13072, stack(0x000000dca1e00000,0x000000dca1f00000)]
  0x0000020a47833000 JavaThread "Signal Dispatcher" daemon [_thread_blocked, id=9648, stack(0x000000dca1d00000,0x000000dca1e00000)]
  0x0000020a4780b000 JavaThread "Finalizer" daemon [_thread_blocked, id=17600, stack(0x000000dca1c00000,0x000000dca1d00000)]
  0x0000020a47803800 JavaThread "Reference Handler" daemon [_thread_blocked, id=12596, stack(0x000000dca1b00000,0x000000dca1c00000)]
=>0x0000020a2cc4f800 JavaThread "main" [_thread_in_native, id=20016, stack(0x000000dca1500000,0x000000dca1600000)]

Other Threads:
  0x0000020a477db000 VMThread [stack: 0x000000dca1a00000,0x000000dca1b00000] [id=11244]
  0x0000020a478cc800 WatcherThread [stack: 0x000000dca2300000,0x000000dca2400000] [id=9728]

VM state:not at safepoint (normal execution)

VM Mutex/Monitor currently owned by a thread: None

heap address: 0x00000006c2200000, size: 4062 MB, Compressed Oops mode: Zero based, Oop shift amount: 3
Narrow klass base: 0x0000000000000000, Narrow klass shift: 3
Compressed class space size: 1073741824 Address: 0x00000007c0000000

Heap:
 PSYoungGen      total 140800K, used 5160K [0x000000076b600000, 0x000000077c900000, 0x00000007c0000000)
  eden space 130048K, 3% used [0x000000076b600000,0x000000076bb0a1f0,0x0000000773500000)
  from space 10752K, 0% used [0x0000000773500000,0x0000000773500000,0x0000000773f80000)
  to   space 10752K, 0% used [0x000000077be80000,0x000000077be80000,0x000000077c900000)
 ParOldGen       total 146432K, used 26649K [0x00000006c2200000, 0x00000006cb100000, 0x000000076b600000)
  object space 146432K, 18% used [0x00000006c2200000,0x00000006c3c06720,0x00000006cb100000)
 Metaspace       used 21020K, capacity 21308K, committed 21504K, reserved 1069056K
  class space    used 2675K, capacity 2754K, committed 2816K, reserved 1048576K

Card table byte_map: [0x0000020a3d9c0000,0x0000020a3e1b0000] byte_map_base: 0x0000020a3a3af000

Marking Bits: (ParMarkBitMap*) 0x000000007338b810
 Begin Bits: [0x0000020a3e700000, 0x0000020a42678000)
 End Bits:   [0x0000020a42678000, 0x0000020a465f0000)

Polling page: 0x0000020a2cde0000

CodeCache: size=245760Kb used=10267Kb max_used=10297Kb free=235492Kb
 bounds [0x0000020a2e600000, 0x0000020a2f020000, 0x0000020a3d600000]
 total_blobs=3550 nmethods=3108 adapters=352
 compilation: enabled

Compilation events (10 events):
Event: 2.237 Thread 0x0000020a47845800 nmethod 2778 0x0000020a2f002910 code [0x0000020a2f003020, 0x0000020a2f00a500]
Event: 2.239 Thread 0x0000020a4783e000 nmethod 3103 0x0000020a2efd6ad0 code [0x0000020a2efd6c20, 0x0000020a2efd7108]
Event: 2.239 Thread 0x0000020a4783f800 3110       3       java.nio.DirectByteBuffer::put (18 bytes)
Event: 2.240 Thread 0x0000020a4783f800 nmethod 3110 0x0000020a2efd65d0 code [0x0000020a2efd6740, 0x0000020a2efd69b8]
Event: 2.240 Thread 0x0000020a4783f800 3111       3       java.nio.DirectByteBuffer::ix (10 bytes)
Event: 2.240 Thread 0x0000020a4783f800 nmethod 3111 0x0000020a2efd6290 code [0x0000020a2efd63e0, 0x0000020a2efd6538]
Event: 2.240 Thread 0x0000020a4783f800 3113       3       java.nio.DirectByteBuffer::put (18 bytes)
Event: 2.240 Thread 0x0000020a4783f800 nmethod 3113 0x0000020a2efd5d90 code [0x0000020a2efd5f00, 0x0000020a2efd6178]
Event: 2.240 Thread 0x0000020a4783f800 3114       1       java.nio.DirectByteBuffer::ix (10 bytes)
Event: 2.240 Thread 0x0000020a4783f800 nmethod 3114 0x0000020a2efd5ad0 code [0x0000020a2efd5c20, 0x0000020a2efd5d38]

GC Heap History (8 events):
Event: 0.653 GC heap before
{Heap before GC invocations=1 (full 0):
 PSYoungGen      total 75776K, used 65024K [0x000000076b600000, 0x0000000770a80000, 0x00000007c0000000)
  eden space 65024K, 100% used [0x000000076b600000,0x000000076f580000,0x000000076f580000)
  from space 10752K, 0% used [0x0000000770000000,0x0000000770000000,0x0000000770a80000)
  to   space 10752K, 0% used [0x000000076f580000,0x000000076f580000,0x0000000770000000)
 ParOldGen       total 173568K, used 0K [0x00000006c2200000, 0x00000006ccb80000, 0x000000076b600000)
  object space 173568K, 0% used [0x00000006c2200000,0x00000006c2200000,0x00000006ccb80000)
 Metaspace       used 8480K, capacity 8608K, committed 8832K, reserved 1056768K
  class space    used 1019K, capacity 1076K, committed 1152K, reserved 1048576K
Event: 0.661 GC heap after
Heap after GC invocations=1 (full 0):
 PSYoungGen      total 75776K, used 10746K [0x000000076b600000, 0x0000000774a00000, 0x00000007c0000000)
  eden space 65024K, 0% used [0x000000076b600000,0x000000076b600000,0x000000076f580000)
  from space 10752K, 99% used [0x000000076f580000,0x000000076fffeb50,0x0000000770000000)
  to   space 10752K, 0% used [0x0000000773f80000,0x0000000773f80000,0x0000000774a00000)
 ParOldGen       total 173568K, used 5621K [0x00000006c2200000, 0x00000006ccb80000, 0x000000076b600000)
  object space 173568K, 3% used [0x00000006c2200000,0x00000006c277d710,0x00000006ccb80000)
 Metaspace       used 8480K, capacity 8608K, committed 8832K, reserved 1056768K
  class space    used 1019K, capacity 1076K, committed 1152K, reserved 1048576K
}
Event: 1.318 GC heap before
{Heap before GC invocations=2 (full 0):
 PSYoungGen      total 75776K, used 75770K [0x000000076b600000, 0x0000000774a00000, 0x00000007c0000000)
  eden space 65024K, 100% used [0x000000076b600000,0x000000076f580000,0x000000076f580000)
  from space 10752K, 99% used [0x000000076f580000,0x000000076fffeb50,0x0000000770000000)
  to   space 10752K, 0% used [0x0000000773f80000,0x0000000773f80000,0x0000000774a00000)
 ParOldGen       total 173568K, used 5621K [0x00000006c2200000, 0x00000006ccb80000, 0x000000076b600000)
  object space 173568K, 3% used [0x00000006c2200000,0x00000006c277d710,0x00000006ccb80000)
 Metaspace       used 15729K, capacity 15874K, committed 16256K, reserved 1062912K
  class space    used 2040K, capacity 2079K, committed 2176K, reserved 1048576K
Event: 1.329 GC heap after
Heap after GC invocations=2 (full 0):
 PSYoungGen      total 140800K, used 10749K [0x000000076b600000, 0x0000000774a00000, 0x00000007c0000000)
  eden space 130048K, 0% used [0x000000076b600000,0x000000076b600000,0x0000000773500000)
  from space 10752K, 99% used [0x0000000773f80000,0x00000007749ff4d0,0x0000000774a00000)
  to   space 10752K, 0% used [0x0000000773500000,0x0000000773500000,0x0000000773f80000)
 ParOldGen       total 173568K, used 17504K [0x00000006c2200000, 0x00000006ccb80000, 0x000000076b600000)
  object space 173568K, 10% used [0x00000006c2200000,0x00000006c3318250,0x00000006ccb80000)
 Metaspace       used 15729K, capacity 15874K, committed 16256K, reserved 1062912K
  class space    used 2040K, capacity 2079K, committed 2176K, reserved 1048576K
}
Event: 2.157 GC heap before
{Heap before GC invocations=3 (full 0):
 PSYoungGen      total 140800K, used 60266K [0x000000076b600000, 0x0000000774a00000, 0x00000007c0000000)
  eden space 130048K, 38% used [0x000000076b600000,0x000000076e65b588,0x0000000773500000)
  from space 10752K, 99% used [0x0000000773f80000,0x00000007749ff4d0,0x0000000774a00000)
  to   space 10752K, 0% used [0x0000000773500000,0x0000000773500000,0x0000000773f80000)
 ParOldGen       total 173568K, used 17504K [0x00000006c2200000, 0x00000006ccb80000, 0x000000076b600000)
  object space 173568K, 10% used [0x00000006c2200000,0x00000006c3318250,0x00000006ccb80000)
 Metaspace       used 20854K, capacity 21084K, committed 21248K, reserved 1067008K
  class space    used 2648K, capacity 2722K, committed 2816K, reserved 1048576K
Event: 2.173 GC heap after
Heap after GC invocations=3 (full 0):
 PSYoungGen      total 140800K, used 10730K [0x000000076b600000, 0x000000077c900000, 0x00000007c0000000)
  eden space 130048K, 0% used [0x000000076b600000,0x000000076b600000,0x0000000773500000)
  from space 10752K, 99% used [0x0000000773500000,0x0000000773f7a9b8,0x0000000773f80000)
  to   space 10752K, 0% used [0x000000077be80000,0x000000077be80000,0x000000077c900000)
 ParOldGen       total 173568K, used 23292K [0x00000006c2200000, 0x00000006ccb80000, 0x000000076b600000)
  object space 173568K, 13% used [0x00000006c2200000,0x00000006c38bf3b8,0x00000006ccb80000)
 Metaspace       used 20854K, capacity 21084K, committed 21248K, reserved 1067008K
  class space    used 2648K, capacity 2722K, committed 2816K, reserved 1048576K
}
Event: 2.173 GC heap before
{Heap before GC invocations=4 (full 1):
 PSYoungGen      total 140800K, used 10730K [0x000000076b600000, 0x000000077c900000, 0x00000007c0000000)
  eden space 130048K, 0% used [0x000000076b600000,0x000000076b600000,0x0000000773500000)
  from space 10752K, 99% used [0x0000000773500000,0x0000000773f7a9b8,0x0000000773f80000)
  to   space 10752K, 0% used [0x000000077be80000,0x000000077be80000,0x000000077c900000)
 ParOldGen       total 173568K, used 23292K [0x00000006c2200000, 0x00000006ccb80000, 0x000000076b600000)
  object space 173568K, 13% used [0x00000006c2200000,0x00000006c38bf3b8,0x00000006ccb80000)
 Metaspace       used 20854K, capacity 21084K, committed 21248K, reserved 1067008K
  class space    used 2648K, capacity 2722K, committed 2816K, reserved 1048576K
Event: 2.230 GC heap after
Heap after GC invocations=4 (full 1):
 PSYoungGen      total 140800K, used 0K [0x000000076b600000, 0x000000077c900000, 0x00000007c0000000)
  eden space 130048K, 0% used [0x000000076b600000,0x000000076b600000,0x0000000773500000)
  from space 10752K, 0% used [0x0000000773500000,0x0000000773500000,0x0000000773f80000)
  to   space 10752K, 0% used [0x000000077be80000,0x000000077be80000,0x000000077c900000)
 ParOldGen       total 146432K, used 26649K [0x00000006c2200000, 0x00000006cb100000, 0x000000076b600000)
  object space 146432K, 18% used [0x00000006c2200000,0x00000006c3c06720,0x00000006cb100000)
 Metaspace       used 20854K, capacity 21084K, committed 21248K, reserved 1067008K
  class space    used 2648K, capacity 2722K, committed 2816K, reserved 1048576K
}

Deoptimization events (10 events):
Event: 1.701 Thread 0x0000020a2cc4f800 Uncommon trap: reason=class_check action=maybe_recompile pc=0x0000020a2ed7c1c8 method=org.eclipse.xtext.nodemodel.impl.NodeModelBuilder.addChild(Lorg/eclipse/xtext/nodemodel/ICompositeNode;Lorg/eclipse/xtext/nodemodel/impl/AbstractNode;)V @ 6
Event: 1.701 Thread 0x0000020a2cc4f800 Uncommon trap: reason=unstable_if action=reinterpret pc=0x0000020a2ed71114 method=java.util.HashMap.computeIfAbsent(Ljava/lang/Object;Ljava/util/function/Function;)Ljava/lang/Object; @ 44
Event: 1.714 Thread 0x0000020a2cc4f800 Uncommon trap: reason=class_check action=maybe_recompile pc=0x0000020a2ed7c1c8 method=org.eclipse.xtext.nodemodel.impl.NodeModelBuilder.addChild(Lorg/eclipse/xtext/nodemodel/ICompositeNode;Lorg/eclipse/xtext/nodemodel/impl/AbstractNode;)V @ 6
Event: 1.720 Thread 0x0000020a2cc4f800 Uncommon trap: reason=class_check action=maybe_recompile pc=0x0000020a2ed7fa0c method=org.eclipse.xtext.nodemodel.impl.NodeModelBuilder.addChild(Lorg/eclipse/xtext/nodemodel/ICompositeNode;Lorg/eclipse/xtext/nodemodel/impl/AbstractNode;)V @ 6
Event: 1.837 Thread 0x0000020a2cc4f800 Uncommon trap: reason=unstable_if action=reinterpret pc=0x0000020a2eb330f4 method=java.util.concurrent.ConcurrentHashMap.putVal(Ljava/lang/Object;Ljava/lang/Object;Z)Ljava/lang/Object; @ 181
Event: 1.896 Thread 0x0000020a2cc4f800 Uncommon trap: reason=bimorphic action=maybe_recompile pc=0x0000020a2ef134c8 method=com.google.common.collect.AbstractIterator.tryToComputeNext()Z @ 9
Event: 1.896 Thread 0x0000020a2cc4f800 Uncommon trap: reason=bimorphic action=maybe_recompile pc=0x0000020a2ef134c8 method=com.google.common.collect.AbstractIterator.tryToComputeNext()Z @ 9
Event: 1.896 Thread 0x0000020a2cc4f800 Uncommon trap: reason=bimorphic action=maybe_recompile pc=0x0000020a2ef134c8 method=com.google.common.collect.AbstractIterator.tryToComputeNext()Z @ 9
Event: 1.896 Thread 0x0000020a2cc4f800 Uncommon trap: reason=bimorphic action=maybe_recompile pc=0x0000020a2ef134c8 method=com.google.common.collect.AbstractIterator.tryToComputeNext()Z @ 9
Event: 1.996 Thread 0x0000020a2cc4f800 Uncommon trap: reason=unstable_if action=reinterpret pc=0x0000020a2e9c0da0 method=java.io.WinNTFileSystem.normalize(Ljava/lang/String;)Ljava/lang/String; @ 49

Classes redefined (0 events):
No events

Internal exceptions (10 events):
Event: 1.747 Thread 0x0000020a2cc4f800 Exception <a 'java/io/FileNotFoundException'> (0x000000076ce878a0) thrown at [J:\jenkins\tmp\workspace\build\src\hotspot\src\share\vm\prims\jni.cpp, line 711]
Event: 1.912 Thread 0x0000020a2cc4f800 Exception <a 'java/lang/reflect/InvocationTargetException'> (0x000000076dc258f0) thrown at [J:\jenkins\tmp\workspace\build\src\hotspot\src\share\vm\runtime\reflection.cpp, line 1092]
Event: 1.912 Thread 0x0000020a2cc4f800 Exception <a 'java/lang/reflect/InvocationTargetException'> (0x000000076dc42098) thrown at [J:\jenkins\tmp\workspace\build\src\hotspot\src\share\vm\runtime\reflection.cpp, line 1092]
Event: 1.913 Thread 0x0000020a2cc4f800 Exception <a 'java/lang/reflect/InvocationTargetException'> (0x000000076dc5e948) thrown at [J:\jenkins\tmp\workspace\build\src\hotspot\src\share\vm\runtime\reflection.cpp, line 1092]
Event: 2.252 Thread 0x0000020a2cc4f800 Exception <a 'java/security/PrivilegedActionException'> (0x000000076b94e328) thrown at [J:\jenkins\tmp\workspace\build\src\hotspot\src\share\vm\prims\jvm.cpp, line 1523]
Event: 2.252 Thread 0x0000020a2cc4f800 Exception <a 'java/security/PrivilegedActionException'> (0x000000076b94f858) thrown at [J:\jenkins\tmp\workspace\build\src\hotspot\src\share\vm\prims\jvm.cpp, line 1523]
Event: 2.252 Thread 0x0000020a2cc4f800 Exception <a 'java/security/PrivilegedActionException'> (0x000000076b950c88) thrown at [J:\jenkins\tmp\workspace\build\src\hotspot\src\share\vm\prims\jvm.cpp, line 1523]
Event: 2.252 Thread 0x0000020a2cc4f800 Exception <a 'java/security/PrivilegedActionException'> (0x000000076b952348) thrown at [J:\jenkins\tmp\workspace\build\src\hotspot\src\share\vm\prims\jvm.cpp, line 1523]
Event: 2.252 Thread 0x0000020a2cc4f800 Exception <a 'java/security/PrivilegedActionException'> (0x000000076b953740) thrown at [J:\jenkins\tmp\workspace\build\src\hotspot\src\share\vm\prims\jvm.cpp, line 1523]
Event: 2.252 Thread 0x0000020a2cc4f800 Exception <a 'java/security/PrivilegedActionException'> (0x000000076b954b08) thrown at [J:\jenkins\tmp\workspace\build\src\hotspot\src\share\vm\prims\jvm.cpp, line 1523]

Events (10 events):
Event: 2.292 loading class org/lwjgl/openal/ALCdevice
Event: 2.292 loading class org/lwjgl/openal/ALCdevice done
Event: 2.292 loading class org/lwjgl/openal/ALCcontext
Event: 2.292 loading class org/lwjgl/openal/ALCcontext done
Event: 2.293 loading class java/nio/DirectIntBufferU
Event: 2.293 loading class java/nio/DirectIntBufferU done
Event: 2.293 loading class org/lwjgl/openal/Util
Event: 2.293 loading class org/lwjgl/openal/Util done
Event: 2.293 loading class org/lwjgl/openal/OpenALException
Event: 2.293 loading class org/lwjgl/openal/OpenALException done


Dynamic libraries:
0x00007ff6134b0000 - 0x00007ff6134ea000 	C:\Program Files\AdoptOpenJDK\jdk-8.0.282.8-hotspot\bin\javaw.exe
0x00007ffbb9a00000 - 0x00007ffbb9bf0000 	C:\WINDOWS\SYSTEM32\ntdll.dll
0x00007ffb89910000 - 0x00007ffb89925000 	D:\Programas\Avast\aswhook.dll
0x00007ffbb8210000 - 0x00007ffbb82c2000 	C:\WINDOWS\System32\KERNEL32.DLL
0x00007ffbb6bd0000 - 0x00007ffbb6e75000 	C:\WINDOWS\System32\KERNELBASE.dll
0x00007ffbb4a00000 - 0x00007ffbb4a8f000 	C:\WINDOWS\SYSTEM32\apphelp.dll
0x00007ffbb8530000 - 0x00007ffbb85d3000 	C:\WINDOWS\System32\ADVAPI32.dll
0x00007ffbb8bf0000 - 0x00007ffbb8c8e000 	C:\WINDOWS\System32\msvcrt.dll
0x00007ffbb9870000 - 0x00007ffbb9907000 	C:\WINDOWS\System32\sechost.dll
0x00007ffbb7c60000 - 0x00007ffbb7d7f000 	C:\WINDOWS\System32\RPCRT4.dll
0x00007ffbb8a50000 - 0x00007ffbb8be4000 	C:\WINDOWS\System32\USER32.dll
0x00007ffbb6ba0000 - 0x00007ffbb6bc1000 	C:\WINDOWS\System32\win32u.dll
0x00007ffbb8470000 - 0x00007ffbb8496000 	C:\WINDOWS\System32\GDI32.dll
0x00007ffbb6970000 - 0x00007ffbb6b08000 	C:\WINDOWS\System32\gdi32full.dll
0x00007ffbb6e80000 - 0x00007ffbb6f1e000 	C:\WINDOWS\System32\msvcp_win.dll
0x00007ffbb6f20000 - 0x00007ffbb701a000 	C:\WINDOWS\System32\ucrtbase.dll
0x00007ffba23e0000 - 0x00007ffba2664000 	C:\WINDOWS\WinSxS\amd64_microsoft.windows.common-controls_6595b64144ccf1df_6.0.18362.1440_none_9e7dbfb9e45e8e67\COMCTL32.dll
0x00007ffbb7ed0000 - 0x00007ffbb8206000 	C:\WINDOWS\System32\combase.dll
0x00007ffbb7020000 - 0x00007ffbb70a1000 	C:\WINDOWS\System32\bcryptPrimitives.dll
0x00007ffbb9840000 - 0x00007ffbb986e000 	C:\WINDOWS\System32\IMM32.DLL
0x00007ffb02ee0000 - 0x00007ffb02fcf000 	C:\Program Files\AdoptOpenJDK\jdk-8.0.282.8-hotspot\jre\bin\msvcr120.dll
0x00007ffb05ff0000 - 0x00007ffb06096000 	C:\Program Files\AdoptOpenJDK\jdk-8.0.282.8-hotspot\jre\bin\msvcp120.dll
0x0000000072ba0000 - 0x000000007340a000 	C:\Program Files\AdoptOpenJDK\jdk-8.0.282.8-hotspot\jre\bin\server\jvm.dll
0x00007ffbb84a0000 - 0x00007ffbb84a8000 	C:\WINDOWS\System32\PSAPI.DLL
0x00007ffbb2d50000 - 0x00007ffbb2d74000 	C:\WINDOWS\SYSTEM32\WINMM.dll
0x00007ffbb03e0000 - 0x00007ffbb03ea000 	C:\WINDOWS\SYSTEM32\VERSION.dll
0x00007ffbb2bc0000 - 0x00007ffbb2bed000 	C:\WINDOWS\SYSTEM32\WINMMBASE.dll
0x00007ffbb72c0000 - 0x00007ffbb730a000 	C:\WINDOWS\System32\cfgmgr32.dll
0x00007ffba05c0000 - 0x00007ffba05c9000 	C:\WINDOWS\SYSTEM32\WSOCK32.dll
0x00007ffbb8400000 - 0x00007ffbb846f000 	C:\WINDOWS\System32\WS2_32.dll
0x00007ffba16e0000 - 0x00007ffba16ef000 	C:\Program Files\AdoptOpenJDK\jdk-8.0.282.8-hotspot\jre\bin\verify.dll
0x00007ffb80db0000 - 0x00007ffb80dd9000 	C:\Program Files\AdoptOpenJDK\jdk-8.0.282.8-hotspot\jre\bin\java.dll
0x00007ffb76e90000 - 0x00007ffb76ea6000 	C:\Program Files\AdoptOpenJDK\jdk-8.0.282.8-hotspot\jre\bin\zip.dll
0x00007ffbb9150000 - 0x00007ffbb9838000 	C:\WINDOWS\System32\SHELL32.dll
0x00007ffbb9910000 - 0x00007ffbb99b7000 	C:\WINDOWS\System32\shcore.dll
0x00007ffbb7330000 - 0x00007ffbb7aab000 	C:\WINDOWS\System32\windows.storage.dll
0x00007ffbb6930000 - 0x00007ffbb694e000 	C:\WINDOWS\System32\profapi.dll
0x00007ffbb68c0000 - 0x00007ffbb690a000 	C:\WINDOWS\System32\powrprof.dll
0x00007ffbb68b0000 - 0x00007ffbb68c0000 	C:\WINDOWS\System32\UMPDC.dll
0x00007ffbb7d80000 - 0x00007ffbb7dd2000 	C:\WINDOWS\System32\shlwapi.dll
0x00007ffbb6950000 - 0x00007ffbb6961000 	C:\WINDOWS\System32\kernel.appcore.dll
0x00007ffbb7310000 - 0x00007ffbb7327000 	C:\WINDOWS\System32\cryptsp.dll
0x0000000065580000 - 0x0000000065616000 	C:\Users\julia\AppData\Local\Temp\libgdxjulia\12dfaa03\gdx64.dll
0x00007ffbb5c70000 - 0x00007ffbb5ca3000 	C:\WINDOWS\system32\rsaenh.dll
0x00007ffbb6b10000 - 0x00007ffbb6b36000 	C:\WINDOWS\System32\bcrypt.dll
0x00007ffbb67d0000 - 0x00007ffbb67f5000 	C:\WINDOWS\SYSTEM32\USERENV.dll
0x00007ffbb62c0000 - 0x00007ffbb62cc000 	C:\WINDOWS\SYSTEM32\CRYPTBASE.dll
0x00007ffb76e10000 - 0x00007ffb76e2a000 	C:\Program Files\AdoptOpenJDK\jdk-8.0.282.8-hotspot\jre\bin\net.dll
0x00007ffbb60f0000 - 0x00007ffbb6157000 	C:\WINDOWS\system32\mswsock.dll
0x00007ffbb5e00000 - 0x00007ffbb5e3a000 	C:\WINDOWS\SYSTEM32\IPHLPAPI.DLL
0x00007ffbb7eb0000 - 0x00007ffbb7eb8000 	C:\WINDOWS\System32\NSI.dll
0x00007ffbaf6e0000 - 0x00007ffbaf6f6000 	C:\WINDOWS\SYSTEM32\dhcpcsvc6.DLL
0x00007ffbaf5d0000 - 0x00007ffbaf5ec000 	C:\WINDOWS\SYSTEM32\dhcpcsvc.DLL
0x00007ffbb5e40000 - 0x00007ffbb5f0b000 	C:\WINDOWS\SYSTEM32\DNSAPI.dll
0x00007ffb29ad0000 - 0x00007ffb29ae2000 	C:\Program Files\AdoptOpenJDK\jdk-8.0.282.8-hotspot\jre\bin\nio.dll
0x0000000180000000 - 0x0000000180053000 	C:\Users\julia\AppData\Local\Temp\libgdxjulia\dc0f0009\lwjgl64.dll
0x00007ffba8060000 - 0x00007ffba81b6000 	C:\WINDOWS\SYSTEM32\OPENGL32.dll
0x00007ffbb2100000 - 0x00007ffbb212c000 	C:\WINDOWS\SYSTEM32\GLU32.dll
0x00007ffbb54d0000 - 0x00007ffbb54f0000 	C:\WINDOWS\SYSTEM32\dxcore.dll
0x0000020a4c160000 - 0x0000020a4c1c4000 	C:\Users\julia\AppData\Local\Temp\libgdxjulia\dc0f0009\OpenAL64.dll
0x00007ffbb8ff0000 - 0x00007ffbb9147000 	C:\WINDOWS\System32\ole32.dll
0x00007ffbb4af0000 - 0x00007ffbb4b89000 	C:\WINDOWS\system32\uxtheme.dll
0x00007ffbb7de0000 - 0x00007ffbb7e82000 	C:\WINDOWS\System32\clbcatq.dll
0x00007ffb9b0e0000 - 0x00007ffb9b179000 	C:\WINDOWS\SYSTEM32\dsound.dll
0x00007ffbb1470000 - 0x00007ffbb14e2000 	C:\WINDOWS\System32\MMDevApi.dll
0x00007ffbb6690000 - 0x00007ffbb66ba000 	C:\WINDOWS\System32\DEVOBJ.dll
0x00007ffbb1610000 - 0x00007ffbb176f000 	C:\WINDOWS\SYSTEM32\AUDIOSES.DLL
0x00007ffbb8330000 - 0x00007ffbb83f5000 	C:\WINDOWS\System32\OLEAUT32.dll
0x00007ffbb2bf0000 - 0x00007ffbb2d42000 	C:\WINDOWS\SYSTEM32\wintypes.dll
0x00007ffbadd30000 - 0x00007ffbadf24000 	C:\WINDOWS\SYSTEM32\dbghelp.dll

VM Arguments:
jvm_args: -Duser.language=en_GB -Dfile.encoding=UTF-8 
java_command: org.uqbar.project.wollok.launch.WollokLauncher -requestsPort 0 -eventsPort 0 -folder -dontValidate -wf src/juego.wpgm -darkMode
java_class_path (initial): C:\Users\julia\Documents\GitHub\PdP\2021-o-tpi-juego-f15\bin;D:\Programas\Wollok\plugins\com.ibm.icu_64.2.0.v20190507-1337.jar;D:\Programas\Wollok\plugins\org.eclipse.xtext_2.20.0.v20191202-0915.jar;D:\Programas\Wollok\plugins\org.eclipse.emf.ecore.xmi_2.16.0.v20190528-0725.jar;D:\Programas\Wollok\plugins\org.eclipse.emf.ecore_2.20.0.v20190920-0401.jar;D:\Programas\Wollok\plugins\org.eclipse.emf.common_2.17.0.v20190920-0401.jar;D:\Programas\Wollok\plugins\org.antlr.runtime_3.2.0.v201101311130.jar;D:\Programas\Wollok\plugins\com.google.inject_3.0.0.v201605172100.jar;D:\Programas\Wollok\plugins\org.eclipse.emf.mwe.core_1.5.1.v20191121-1148.jar;D:\Programas\Wollok\plugins\org.apache.commons.cli_1.2.0.v201404270220.jar;D:\Programas\Wollok\plugins\org.eclipse.emf.mwe2.runtime_2.11.1.v20191121-1148.jar;D:\Programas\Wollok\plugins\org.eclipse.emf.mwe.utils_1.5.1.v20191121-1148.jar;D:\Programas\Wollok\plugins\org.eclipse.xtext.util_2.20.0.v20191202-0915.jar;D:\Programas\Wollok\plugins\com.google.guava_27.1.0.v20190517-1946.jar;D:\Programas\Wollok\plugins\javax.inject_1.0.0.v20091030.jar;D:\Programas\Wollok\plugins\org.eclipse.xtext.generator_2.20.0.v20191202-0933.jar;D:\Programas\Wollok\plugins\org.eclipse.xtext.xtext.generator_2.20.0.v20191202-0915.jar;D:\Programas\Wollok\plugins\org.eclipse.xtext.xbase.lib_2.20.0.v20191202-0907.jar;D:\Programas\Wollok\plugins\org.eclipse.emf.codegen.ecore_2.20.0.v20191012-0918.jar;D:\Programas\Wollok\plugins\org.eclipse.emf.codegen_2.19.0.v20190821-1536.jar;D:\Programas\Wollok\plugins\org.eclipse.xtend_2.2.0.v201605260315.jar;D:\Programas\Wollok\plugins\org.eclipse.xpand_2.2.0.v201605260315.jar;D:\Programas\Wollok\plugins\org.eclipse.xtend.typesystem.emf_2.2.0.v201605260315.jar;D:\Programas\Wollok\plugins\org.uqbar.project.wollok_3.0.0.jar;D:\Programas\Wollok\plugins\org.eclipse.xtext.xbase_2.20.0.v20191202-0933.jar;D:\Programas\Wollok\plugins\org.eclipse.xtext.common.types_2.20.0.v20191202-0933.jar;D:\Program
Launcher Type: SUN_STANDARD

Environment Variables:
PATH=C:/Program Files/AdoptOpenJDK/jdk-8.0.282.8-hotspot/bin/../jre/bin/server;C:/Program Files/AdoptOpenJDK/jdk-8.0.282.8-hotspot/bin/../jre/bin;C:/Program Files/AdoptOpenJDK/jdk-8.0.282.8-hotspot/bin/../jre/lib/amd64;C:\Program Files\AdoptOpenJDK\jdk-8.0.282.8-hotspot\bin;C:\Program Files (x86)\Common Files\Oracle\Java\javapath;C:\ProgramData\Oracle\Java\javapath;C:\Windows\system32;C:\Windows;C:\Windows\System32\Wbem;C:\Windows\System32\WindowsPowerShell\v1.0\;C:\WINDOWS\system32;C:\WINDOWS;C:\WINDOWS\System32\Wbem;C:\WINDOWS\System32\WindowsPowerShell\v1.0\;C:\WINDOWS\System32\OpenSSH\;C:\Program Files (x86)\NVIDIA Corporation\PhysX\Common;C:\Program Files\NVIDIA Corporation\NVIDIA NvDLISR;C:\WINDOWS\system32;C:\WINDOWS;C:\WINDOWS\System32\Wbem;C:\WINDOWS\System32\WindowsPowerShell\v1.0\;C:\WINDOWS\System32\OpenSSH\;C:\Program Files (x86)\Windows Kits\10\Windows Performance Toolkit\;C:\Users\julia\AppData\Local\Programs\Python\Python38-32\Scripts;D:\Programas\Calibre\;C:\Program Files\swipl\bin;C:\Program Files\dotnet\;C:\Program Files\Git\cmd;C:\MINGW\bin;C:\GnuWin32\bin;C:\mingw64\x86_64-w64-mingw32\bin;C:\mingw64\bin;C:\Users\julia\AppData\Local\Microsoft\WindowsApps;C:\Users\julia\AppData\Local\atom\bin;C:\Users\julia\AppData\Local\Programs\Microsoft VS Code\bin;C:\Users\julia\AppData\Local\GitHubDesktop\bin;D:\Programas\Wollok;
USERNAME=julia
OS=Windows_NT
PROCESSOR_IDENTIFIER=Intel64 Family 6 Model 60 Stepping 3, GenuineIntel



---------------  S Y S T E M  ---------------

OS: Windows 10.0 , 64 bit Build 18362 (10.0.18362.1350)

CPU:total 4 (initial active 4) (4 cores per cpu, 1 threads per core) family 6 model 60 stepping 3, cmov, cx8, fxsr, mmx, sse, sse2, sse3, ssse3, sse4.1, sse4.2, popcnt, avx, avx2, aes, clmul, erms, lzcnt, tsc, tscinvbit, bmi1, bmi2

Memory: 4k page, physical 16634936k(4120448k free), swap 21365580k(3741448k free)

vm_info: OpenJDK 64-Bit Server VM (25.282-b08) for windows-amd64 JRE (1.8.0_282-b08), built on Jan 20 2021 11:42:17 by "jenkins" with MS VC++ 12.0 (VS2013)

time: Tue Oct 19 18:53:41 2021
timezone: Argentina Standard Time
elapsed time: 2.332623 seconds (0d 0h 0m 2s)

