#
# A fatal error has been detected by the Java Runtime Environment:
#
#  EXCEPTION_ACCESS_VIOLATION (0xc0000005) at pc=0x00000167cbf61066, pid=7116, tid=0x0000000000004ce4
#
# JRE version: OpenJDK Runtime Environment (8.0_282-b08) (build 1.8.0_282-b08)
# Java VM: OpenJDK 64-Bit Server VM (25.282-b08 mixed mode windows-amd64 compressed oops)
# Problematic frame:
# C  [OpenAL64.dll+0x11066]
#
# Failed to write core dump. Minidumps are not enabled by default on client versions of Windows
#
# If you would like to submit a bug report, please visit:
#   https://github.com/AdoptOpenJDK/openjdk-support/issues
# The crash happened outside the Java Virtual Machine in native code.
# See problematic frame for where to report the bug.
#

---------------  T H R E A D  ---------------

Current thread (0x00000167aca73800):  JavaThread "main" [_thread_in_native, id=19684, stack(0x00000048edd00000,0x00000048ede00000)]

siginfo: ExceptionCode=0xc0000005, reading address 0x00000167cb720004

Registers:
RAX=0x0000000000000004, RBX=0x00000167cd8e0090, RCX=0x00000167cb720008, RDX=0x00000167cb720004
RSP=0x00000048eddfcac0, RBP=0x00000000000000ff, RSI=0x00000167cb7168ac, RDI=0x0000000000000000
R8 =0x00000000000025d6, R9 =0x00000167cb7168ac, R10=0x00000167ae4b9c62, R11=0x0000000072da1670
R12=0x0000000000000001, R13=0x00000167cd3e5010, R14=0x00000048eddfcc60, R15=0x00000167aca73800
RIP=0x00000167cbf61066, EFLAGS=0x0000000000010202

Top of Stack: (sp=0x00000048eddfcac0)
0x00000048eddfcac0:   0000000000000000 0000000000000000
0x00000048eddfcad0:   0000000000000000 00000167aca73800
0x00000048eddfcae0:   00000048eddfcc60 00000167cd3e5010
0x00000048eddfcaf0:   00000167aca73800 00000167aca5b7b0
0x00000048eddfcb00:   00000167cd3e5010 0000000000000000
0x00000048eddfcb10:   00000167aca3db40 0000000072c3a425
0x00000048eddfcb20:   00000048eddfd3f0 00000167aca74420
0x00000048eddfcb30:   00000167aca73800 00000048eddfcc60
0x00000048eddfcb40:   00000167cd3e5010 0000000000000000
0x00000048eddfcb50:   00000167cb7168ac 0000000000000248
0x00000048eddfcb60:   00000048eddfcc28 00000167cbf6248f
0x00000048eddfcb70:   00000167cd8e0090 00000167cd8e0090
0x00000048eddfcb80:   000000000000ac44 0000016700000004
0x00000048eddfcb90:   00000167ae4a7bd0 00000167ae4b9c8e
0x00000048eddfcba0:   00000167cd3e5010 00000048eddfcba8
0x00000048eddfcbb0:   00000167ae4a7bd0 00000167ae4b999b 

Instructions: (pc=0x00000167cbf61066)
0x00000167cbf61046:   41 2b ec 81 3a 03 00 02 00 75 09 8b 01 89 84 24
0x00000167cbf61056:   c8 00 00 00 49 83 c0 02 48 83 c1 08 4a 8d 14 86
0x00000167cbf61066:   39 3a 75 af 4c 8d 84 24 c0 00 00 00 48 8d 15 d7
0x00000167cbf61076:   2b 03 00 33 c9 e8 58 5f 00 00 b8 40 1f 00 00 4c 


Register to memory mapping:

RAX=0x0000000000000004 is an unknown value
RBX=0x00000167cd8e0090 is an unknown value
RCX=0x00000167cb720008 is an unknown value
RDX=0x00000167cb720004 is an unknown value
RSP=0x00000048eddfcac0 is pointing into the stack for thread: 0x00000167aca73800
RBP=0x00000000000000ff is an unknown value
RSI=0x00000167cb7168ac is an unknown value
RDI=0x0000000000000000 is an unknown value
R8 =0x00000000000025d6 is an unknown value
R9 =0x00000167cb7168ac is an unknown value
R10=0x00000167ae4b9c62 is at code_begin+962 in an Interpreter codelet
method entry point (kind = native)  [0x00000167ae4b98a0, 0x00000167ae4ba340]  2720 bytes
R11=0x0000000072da1670 is an unknown value
R12=0x0000000000000001 is an unknown value
R13={method} {0x00000167cd3e5018} 'nalcCreateContext' '(JJ)J' in 'org/lwjgl/openal/ALC10'
R14=0x00000048eddfcc60 is pointing into the stack for thread: 0x00000167aca73800
R15=0x00000167aca73800 is a thread


Stack: [0x00000048edd00000,0x00000048ede00000],  sp=0x00000048eddfcac0,  free space=1010k
Native frames: (J=compiled Java code, j=interpreted, Vv=VM code, C=native code)
C  [OpenAL64.dll+0x11066]
C  [OpenAL64.dll+0x1248f]
C  0x00000167ae4b9c8e

Java frames: (J=compiled Java code, j=interpreted, Vv=VM code)
j  org.lwjgl.openal.ALC10.nalcCreateContext(JJ)J+0
j  org.lwjgl.openal.ALC10.alcCreateContext(Lorg/lwjgl/openal/ALCdevice;Ljava/nio/IntBuffer;)Lorg/lwjgl/openal/ALCcontext;+8
j  org.lwjgl.openal.AL.init(Ljava/lang/String;IIZZ)V+69
j  org.lwjgl.openal.AL.create(Ljava/lang/String;IIZZ)V+246
j  org.lwjgl.openal.AL.create(Ljava/lang/String;IIZ)V+5
j  org.lwjgl.openal.AL.create()V+6
j  com.badlogic.gdx.backends.lwjgl.audio.OpenALAudio.<init>(III)V+114
j  com.badlogic.gdx.backends.lwjgl.LwjglApplication.<init>(Lcom/badlogic/gdx/ApplicationListener;Lcom/badlogic/gdx/backends/lwjgl/LwjglApplicationConfiguration;Lcom/badlogic/gdx/backends/lwjgl/LwjglGraphics;)V+120
j  com.badlogic.gdx.backends.lwjgl.LwjglApplication.<init>(Lcom/badlogic/gdx/ApplicationListener;Lcom/badlogic/gdx/backends/lwjgl/LwjglApplicationConfiguration;)V+11
j  org.uqbar.project.wollok.game.gameboard.WollokGDXApplication.<init>(Lorg/uqbar/project/wollok/game/gameboard/Gameboard;Ljava/lang/Boolean;)V+17
j  org.uqbar.project.wollok.game.helpers.Application.start(Lorg/uqbar/project/wollok/game/gameboard/Gameboard;Ljava/lang/Boolean;)V+5
j  org.uqbar.project.wollok.game.gameboard.Gameboard.start(Ljava/lang/Boolean;)V+13
j  wollok.game.GameObject.doStart(Ljava/lang/Boolean;)V+12
v  ~StubRoutines::call_stub
j  sun.reflect.NativeMethodAccessorImpl.invoke0(Ljava/lang/reflect/Method;Ljava/lang/Object;[Ljava/lang/Object;)Ljava/lang/Object;+0
j  sun.reflect.NativeMethodAccessorImpl.invoke(Ljava/lang/Object;[Ljava/lang/Object;)Ljava/lang/Object;+100
J 2671 C1 sun.reflect.DelegatingMethodAccessorImpl.invoke(Ljava/lang/Object;[Ljava/lang/Object;)Ljava/lang/Object; (10 bytes) @ 0x00000167aed9034c [0x00000167aed90240+0x10c]
J 2658 C1 java.lang.reflect.Method.invoke(Ljava/lang/Object;[Ljava/lang/Object;)Ljava/lang/Object; (62 bytes) @ 0x00000167aed84274 [0x00000167aed83e80+0x3f4]
j  org.uqbar.project.wollok.ui.utils.XTendUtilExtensions.invokeConvertingArgs(Ljava/lang/reflect/Method;Ljava/lang/Object;[Ljava/lang/Object;)Lorg/uqbar/project/wollok/interpreter/core/WollokObject;+261
j  org.uqbar.project.wollok.interpreter.AbstractWollokCallable._invokeNative(Ljava/lang/Object;Ljava/lang/String;[Lorg/uqbar/project/wollok/interpreter/core/WollokObject;)Lorg/uqbar/project/wollok/interpreter/core/WollokObject;+41
j  org.uqbar.project.wollok.interpreter.AbstractWollokCallable.invokeNative(Ljava/lang/Object;Ljava/lang/String;[Lorg/uqbar/project/wollok/interpreter/core/WollokObject;)Lorg/uqbar/project/wollok/interpreter/core/WollokObject;+26
j  org.uqbar.project.wollok.interpreter.AbstractWollokCallable$1.apply()Lorg/uqbar/project/wollok/interpreter/core/WollokObject;+55
j  org.uqbar.project.wollok.interpreter.AbstractWollokCallable$1.apply()Ljava/lang/Object;+1
j  org.uqbar.project.wollok.interpreter.threads.WThread.performOnStack(Lorg/eclipse/emf/ecore/EObject;Lorg/uqbar/project/wollok/interpreter/context/EvaluationContext;Lorg/eclipse/xtext/xbase/lib/Functions$Function0;)Lorg/uqbar/project/wollok/interpreter/core/WollokObject;+29
j  org.uqbar.project.wollok.interpreter.WollokInterpreter.performOnStack(Lorg/eclipse/emf/ecore/EObject;Lorg/uqbar/project/wollok/interpreter/context/EvaluationContext;Lorg/eclipse/xtext/xbase/lib/Functions$Function0;)Lorg/uqbar/project/wollok/interpreter/core/WollokObject;+7
j  org.uqbar.project.wollok.interpreter.AbstractWollokCallable.call(Lorg/uqbar/project/wollok/wollokDsl/WMethodDeclaration;[Lorg/uqbar/project/wollok/interpreter/core/WollokObject;)Lorg/uqbar/project/wollok/interpreter/core/WollokObject;+38
j  org.uqbar.project.wollok.interpreter.core.WollokObject.call(Ljava/lang/String;[Lorg/uqbar/project/wollok/interpreter/core/WollokObject;)Lorg/uqbar/project/wollok/interpreter/core/WollokObject;+55
j  org.uqbar.project.wollok.interpreter.WollokInterpreterEvaluator._evaluate(Lorg/uqbar/project/wollok/wollokDsl/WFeatureCall;)Lorg/uqbar/project/wollok/interpreter/core/WollokObject;+119
j  org.uqbar.project.wollok.launch.WollokLauncherInterpreterEvaluator.evaluate(Lorg/eclipse/emf/ecore/EObject;)Lorg/uqbar/project/wollok/interpreter/core/WollokObject;+412
j  org.uqbar.project.wollok.interpreter.WollokInterpreterEvaluator.evaluate(Lorg/eclipse/emf/ecore/EObject;)Ljava/lang/Object;+2
j  org.uqbar.project.wollok.interpreter.WollokInterpreter.eval(Lorg/eclipse/emf/ecore/EObject;)Lorg/uqbar/project/wollok/interpreter/core/WollokObject;+63
j  org.uqbar.project.wollok.interpreter.WollokInterpreterEvaluator.eval(Lorg/eclipse/emf/ecore/EObject;)Lorg/uqbar/project/wollok/interpreter/core/WollokObject;+5
j  org.uqbar.project.wollok.interpreter.WollokInterpreterEvaluator$1.apply(Lorg/uqbar/project/wollok/interpreter/core/WollokObject;Lorg/eclipse/emf/ecore/EObject;)Lorg/uqbar/project/wollok/interpreter/core/WollokObject;+5
j  org.uqbar.project.wollok.interpreter.WollokInterpreterEvaluator$1.apply(Ljava/lang/Object;Ljava/lang/Object;)Ljava/lang/Object;+9
j  org.eclipse.xtext.xbase.lib.IteratorExtensions.fold(Ljava/util/Iterator;Ljava/lang/Object;Lorg/eclipse/xtext/xbase/lib/Functions$Function2;)Ljava/lang/Object;+19
j  org.eclipse.xtext.xbase.lib.IterableExtensions.fold(Ljava/lang/Iterable;Ljava/lang/Object;Lorg/eclipse/xtext/xbase/lib/Functions$Function2;)Ljava/lang/Object;+8
j  org.uqbar.project.wollok.interpreter.WollokInterpreterEvaluator.evalAll(Ljava/lang/Iterable;)Lorg/uqbar/project/wollok/interpreter/core/WollokObject;+12
j  org.uqbar.project.wollok.interpreter.WollokInterpreterEvaluator._evaluate(Lorg/uqbar/project/wollok/wollokDsl/WBlockExpression;)Lorg/uqbar/project/wollok/interpreter/core/WollokObject;+34
j  org.uqbar.project.wollok.launch.WollokLauncherInterpreterEvaluator.evaluate(Lorg/eclipse/emf/ecore/EObject;)Lorg/uqbar/project/wollok/interpreter/core/WollokObject;+76
j  org.uqbar.project.wollok.interpreter.WollokInterpreterEvaluator.evaluate(Lorg/eclipse/emf/ecore/EObject;)Ljava/lang/Object;+2
j  org.uqbar.project.wollok.interpreter.WollokInterpreter.eval(Lorg/eclipse/emf/ecore/EObject;)Lorg/uqbar/project/wollok/interpreter/core/WollokObject;+63
j  org.uqbar.project.wollok.interpreter.AbstractWollokCallable.eval(Lorg/eclipse/emf/ecore/EObject;)Lorg/uqbar/project/wollok/interpreter/core/WollokObject;+5
j  org.uqbar.project.wollok.interpreter.AbstractWollokCallable$1.apply()Lorg/uqbar/project/wollok/interpreter/core/WollokObject;+110
j  org.uqbar.project.wollok.interpreter.AbstractWollokCallable$1.apply()Ljava/lang/Object;+1
j  org.uqbar.project.wollok.interpreter.threads.WThread.performOnStack(Lorg/eclipse/emf/ecore/EObject;Lorg/uqbar/project/wollok/interpreter/context/EvaluationContext;Lorg/eclipse/xtext/xbase/lib/Functions$Function0;)Lorg/uqbar/project/wollok/interpreter/core/WollokObject;+29
j  org.uqbar.project.wollok.interpreter.WollokInterpreter.performOnStack(Lorg/eclipse/emf/ecore/EObject;Lorg/uqbar/project/wollok/interpreter/context/EvaluationContext;Lorg/eclipse/xtext/xbase/lib/Functions$Function0;)Lorg/uqbar/project/wollok/interpreter/core/WollokObject;+7
j  org.uqbar.project.wollok.interpreter.AbstractWollokCallable.call(Lorg/uqbar/project/wollok/wollokDsl/WMethodDeclaration;[Lorg/uqbar/project/wollok/interpreter/core/WollokObject;)Lorg/uqbar/project/wollok/interpreter/core/WollokObject;+38
j  org.uqbar.project.wollok.interpreter.core.WollokObject.call(Ljava/lang/String;[Lorg/uqbar/project/wollok/interpreter/core/WollokObject;)Lorg/uqbar/project/wollok/interpreter/core/WollokObject;+55
j  org.uqbar.project.wollok.interpreter.WollokInterpreterEvaluator._evaluate(Lorg/uqbar/project/wollok/wollokDsl/WFeatureCall;)Lorg/uqbar/project/wollok/interpreter/core/WollokObject;+119
j  org.uqbar.project.wollok.launch.WollokLauncherInterpreterEvaluator.evaluate(Lorg/eclipse/emf/ecore/EObject;)Lorg/uqbar/project/wollok/interpreter/core/WollokObject;+412
j  org.uqbar.project.wollok.interpreter.WollokInterpreterEvaluator.evaluate(Lorg/eclipse/emf/ecore/EObject;)Ljava/lang/Object;+2
j  org.uqbar.project.wollok.interpreter.WollokInterpreter.eval(Lorg/eclipse/emf/ecore/EObject;)Lorg/uqbar/project/wollok/interpreter/core/WollokObject;+63
j  org.uqbar.project.wollok.interpreter.WollokInterpreterEvaluator.eval(Lorg/eclipse/emf/ecore/EObject;)Lorg/uqbar/project/wollok/interpreter/core/WollokObject;+5
j  org.uqbar.project.wollok.interpreter.WollokInterpreterEvaluator$1.apply(Lorg/uqbar/project/wollok/interpreter/core/WollokObject;Lorg/eclipse/emf/ecore/EObject;)Lorg/uqbar/project/wollok/interpreter/core/WollokObject;+5
j  org.uqbar.project.wollok.interpreter.WollokInterpreterEvaluator$1.apply(Ljava/lang/Object;Ljava/lang/Object;)Ljava/lang/Object;+9
j  org.eclipse.xtext.xbase.lib.IteratorExtensions.fold(Ljava/util/Iterator;Ljava/lang/Object;Lorg/eclipse/xtext/xbase/lib/Functions$Function2;)Ljava/lang/Object;+19
j  org.eclipse.xtext.xbase.lib.IterableExtensions.fold(Ljava/lang/Iterable;Ljava/lang/Object;Lorg/eclipse/xtext/xbase/lib/Functions$Function2;)Ljava/lang/Object;+8
j  org.uqbar.project.wollok.interpreter.WollokInterpreterEvaluator.evalAll(Ljava/lang/Iterable;)Lorg/uqbar/project/wollok/interpreter/core/WollokObject;+12
j  org.uqbar.project.wollok.interpreter.WollokInterpreterEvaluator._evaluate(Lorg/uqbar/project/wollok/wollokDsl/WProgram;)Lorg/uqbar/project/wollok/interpreter/core/WollokObject;+18
j  org.uqbar.project.wollok.launch.WollokLauncherInterpreterEvaluator.evaluate(Lorg/eclipse/emf/ecore/EObject;)Lorg/uqbar/project/wollok/interpreter/core/WollokObject;+444
j  org.uqbar.project.wollok.interpreter.WollokInterpreterEvaluator.evaluate(Lorg/eclipse/emf/ecore/EObject;)Ljava/lang/Object;+2
j  org.uqbar.project.wollok.interpreter.WollokInterpreter.eval(Lorg/eclipse/emf/ecore/EObject;)Lorg/uqbar/project/wollok/interpreter/core/WollokObject;+63
j  org.uqbar.project.wollok.interpreter.WollokInterpreterEvaluator.eval(Lorg/eclipse/emf/ecore/EObject;)Lorg/uqbar/project/wollok/interpreter/core/WollokObject;+5
j  org.uqbar.project.wollok.launch.WollokLauncherInterpreterEvaluator._evaluate(Lorg/uqbar/project/wollok/wollokDsl/WFile;)Lorg/uqbar/project/wollok/interpreter/core/WollokObject;+32
j  org.uqbar.project.wollok.launch.WollokLauncherInterpreterEvaluator.evaluate(Lorg/eclipse/emf/ecore/EObject;)Lorg/uqbar/project/wollok/interpreter/core/WollokObject;+428
j  org.uqbar.project.wollok.interpreter.WollokInterpreterEvaluator.evaluate(Lorg/eclipse/emf/ecore/EObject;)Ljava/lang/Object;+2
j  org.uqbar.project.wollok.interpreter.WollokInterpreter.interpret(Lorg/eclipse/emf/ecore/EObject;Ljava/lang/Boolean;)Lorg/uqbar/project/wollok/interpreter/core/WollokObject;+25
j  org.uqbar.project.wollok.interpreter.WollokInterpreter.interpret(Lorg/eclipse/emf/ecore/EObject;)Lorg/uqbar/project/wollok/interpreter/core/WollokObject;+8
j  org.uqbar.project.wollok.launch.WollokLauncher.doSomething(Lorg/uqbar/project/wollok/wollokDsl/WFile;Lcom/google/inject/Injector;Ljava/io/File;Lorg/uqbar/project/wollok/launch/WollokLauncherParameters;)V+109
j  org.uqbar.project.wollok.launch.WollokChecker.launch(Ljava/lang/String;Lorg/uqbar/project/wollok/launch/WollokLauncherParameters;)V+31
j  org.uqbar.project.wollok.launch.WollokChecker.doMain([Ljava/lang/String;)V+205
j  org.uqbar.project.wollok.launch.WollokLauncher.main([Ljava/lang/String;)V+8
v  ~StubRoutines::call_stub

---------------  P R O C E S S  ---------------

Java Threads: ( => current thread )
  0x00000167c9623800 JavaThread "com.google.inject.internal.util.$Finalizer" daemon [_thread_blocked, id=8808, stack(0x00000048eed00000,0x00000048eee00000)]
  0x00000167c923a000 JavaThread "EMF Reference Cleaner" daemon [_thread_blocked, id=9528, stack(0x00000048eec00000,0x00000048eed00000)]
  0x00000167c7710800 JavaThread "Service Thread" daemon [_thread_blocked, id=1484, stack(0x00000048eea00000,0x00000048eeb00000)]
  0x00000167c76b5000 JavaThread "C1 CompilerThread2" daemon [_thread_blocked, id=23704, stack(0x00000048ee900000,0x00000048eea00000)]
  0x00000167c7692000 JavaThread "C2 CompilerThread1" daemon [_thread_blocked, id=20648, stack(0x00000048ee800000,0x00000048ee900000)]
  0x00000167c768e800 JavaThread "C2 CompilerThread0" daemon [_thread_blocked, id=10408, stack(0x00000048ee700000,0x00000048ee800000)]
  0x00000167c7686800 JavaThread "Attach Listener" daemon [_thread_blocked, id=10916, stack(0x00000048ee600000,0x00000048ee700000)]
  0x00000167c7685800 JavaThread "Signal Dispatcher" daemon [_thread_blocked, id=20440, stack(0x00000048ee500000,0x00000048ee600000)]
  0x00000167c765e000 JavaThread "Finalizer" daemon [_thread_blocked, id=21900, stack(0x00000048ee400000,0x00000048ee500000)]
  0x00000167c7655800 JavaThread "Reference Handler" daemon [_thread_blocked, id=3936, stack(0x00000048ee300000,0x00000048ee400000)]
=>0x00000167aca73800 JavaThread "main" [_thread_in_native, id=19684, stack(0x00000048edd00000,0x00000048ede00000)]

Other Threads:
  0x00000167c762e000 VMThread [stack: 0x00000048ee200000,0x00000048ee300000] [id=17820]
  0x00000167c7711800 WatcherThread [stack: 0x00000048eeb00000,0x00000048eec00000] [id=1576]

VM state:not at safepoint (normal execution)

VM Mutex/Monitor currently owned by a thread: None

heap address: 0x00000006c2200000, size: 4062 MB, Compressed Oops mode: Zero based, Oop shift amount: 3
Narrow klass base: 0x0000000000000000, Narrow klass shift: 3
Compressed class space size: 1073741824 Address: 0x00000007c0000000

Heap:
 PSYoungGen      total 140800K, used 5154K [0x000000076b600000, 0x000000077c900000, 0x00000007c0000000)
  eden space 130048K, 3% used [0x000000076b600000,0x000000076bb08950,0x0000000773500000)
  from space 10752K, 0% used [0x0000000773500000,0x0000000773500000,0x0000000773f80000)
  to   space 10752K, 0% used [0x000000077be80000,0x000000077be80000,0x000000077c900000)
 ParOldGen       total 141824K, used 26711K [0x00000006c2200000, 0x00000006cac80000, 0x000000076b600000)
  object space 141824K, 18% used [0x00000006c2200000,0x00000006c3c15d28,0x00000006cac80000)
 Metaspace       used 21032K, capacity 21312K, committed 21504K, reserved 1069056K
  class space    used 2675K, capacity 2754K, committed 2816K, reserved 1048576K

Card table byte_map: [0x00000167bd860000,0x00000167be050000] byte_map_base: 0x00000167ba24f000

Marking Bits: (ParMarkBitMap*) 0x000000007338b810
 Begin Bits: [0x00000167be5a0000, 0x00000167c2518000)
 End Bits:   [0x00000167c2518000, 0x00000167c6490000)

Polling page: 0x00000167acc30000

CodeCache: size=245760Kb used=10148Kb max_used=10176Kb free=235611Kb
 bounds [0x00000167ae4a0000, 0x00000167aeea0000, 0x00000167bd4a0000]
 total_blobs=3541 nmethods=3100 adapters=352
 compilation: enabled

Compilation events (10 events):
Event: 2.453 Thread 0x00000167c76b5000 3098       3       org.eclipse.emf.common.util.WeakInterningHashSet$Entry::doClear (10 bytes)
Event: 2.453 Thread 0x00000167c76b5000 nmethod 3098 0x00000167aee63ad0 code [0x00000167aee63c20, 0x00000167aee63df8]
Event: 2.453 Thread 0x00000167c76b5000 3096       3       org.eclipse.emf.common.util.WeakInterningHashSet::removeEntry (41 bytes)
Event: 2.453 Thread 0x00000167c76b5000 nmethod 3096 0x00000167aee63510 code [0x00000167aee63680, 0x00000167aee63990]
Event: 2.455 Thread 0x00000167c7692000 nmethod 2852 0x00000167aee876d0 code [0x00000167aee87dc0, 0x00000167aee8e5d8]
Event: 2.455 Thread 0x00000167c7692000 3090   !   4       java.lang.ref.ReferenceQueue::enqueue (119 bytes)
Event: 2.455 Thread 0x00000167c768e800 nmethod 3089 0x00000167aee605d0 code [0x00000167aee60760, 0x00000167aee61008]
Event: 2.455 Thread 0x00000167c768e800 3091       4       java.lang.ref.ReferenceQueue::reallyPoll (65 bytes)
Event: 2.456 Thread 0x00000167c768e800 nmethod 3091 0x00000167aee619d0 code [0x00000167aee61b00, 0x00000167aee61c58]
Event: 2.457 Thread 0x00000167c7692000 nmethod 3090 0x00000167aee62d10 code [0x00000167aee62e60, 0x00000167aee63348]

GC Heap History (8 events):
Event: 0.783 GC heap before
{Heap before GC invocations=1 (full 0):
 PSYoungGen      total 75776K, used 65024K [0x000000076b600000, 0x0000000770a80000, 0x00000007c0000000)
  eden space 65024K, 100% used [0x000000076b600000,0x000000076f580000,0x000000076f580000)
  from space 10752K, 0% used [0x0000000770000000,0x0000000770000000,0x0000000770a80000)
  to   space 10752K, 0% used [0x000000076f580000,0x000000076f580000,0x0000000770000000)
 ParOldGen       total 173568K, used 0K [0x00000006c2200000, 0x00000006ccb80000, 0x000000076b600000)
  object space 173568K, 0% used [0x00000006c2200000,0x00000006c2200000,0x00000006ccb80000)
 Metaspace       used 8486K, capacity 8612K, committed 8832K, reserved 1056768K
  class space    used 1019K, capacity 1076K, committed 1152K, reserved 1048576K
Event: 0.792 GC heap after
Heap after GC invocations=1 (full 0):
 PSYoungGen      total 75776K, used 10730K [0x000000076b600000, 0x0000000774a00000, 0x00000007c0000000)
  eden space 65024K, 0% used [0x000000076b600000,0x000000076b600000,0x000000076f580000)
  from space 10752K, 99% used [0x000000076f580000,0x000000076fffab40,0x0000000770000000)
  to   space 10752K, 0% used [0x0000000773f80000,0x0000000773f80000,0x0000000774a00000)
 ParOldGen       total 173568K, used 5614K [0x00000006c2200000, 0x00000006ccb80000, 0x000000076b600000)
  object space 173568K, 3% used [0x00000006c2200000,0x00000006c277b8f8,0x00000006ccb80000)
 Metaspace       used 8486K, capacity 8612K, committed 8832K, reserved 1056768K
  class space    used 1019K, capacity 1076K, committed 1152K, reserved 1048576K
}
Event: 1.456 GC heap before
{Heap before GC invocations=2 (full 0):
 PSYoungGen      total 75776K, used 75754K [0x000000076b600000, 0x0000000774a00000, 0x00000007c0000000)
  eden space 65024K, 100% used [0x000000076b600000,0x000000076f580000,0x000000076f580000)
  from space 10752K, 99% used [0x000000076f580000,0x000000076fffab40,0x0000000770000000)
  to   space 10752K, 0% used [0x0000000773f80000,0x0000000773f80000,0x0000000774a00000)
 ParOldGen       total 173568K, used 5614K [0x00000006c2200000, 0x00000006ccb80000, 0x000000076b600000)
  object space 173568K, 3% used [0x00000006c2200000,0x00000006c277b8f8,0x00000006ccb80000)
 Metaspace       used 15710K, capacity 15814K, committed 16000K, reserved 1062912K
  class space    used 2040K, capacity 2079K, committed 2176K, reserved 1048576K
Event: 1.467 GC heap after
Heap after GC invocations=2 (full 0):
 PSYoungGen      total 140800K, used 10734K [0x000000076b600000, 0x0000000774a00000, 0x00000007c0000000)
  eden space 130048K, 0% used [0x000000076b600000,0x000000076b600000,0x0000000773500000)
  from space 10752K, 99% used [0x0000000773f80000,0x00000007749fb880,0x0000000774a00000)
  to   space 10752K, 0% used [0x0000000773500000,0x0000000773500000,0x0000000773f80000)
 ParOldGen       total 173568K, used 16924K [0x00000006c2200000, 0x00000006ccb80000, 0x000000076b600000)
  object space 173568K, 9% used [0x00000006c2200000,0x00000006c3287010,0x00000006ccb80000)
 Metaspace       used 15710K, capacity 15814K, committed 16000K, reserved 1062912K
  class space    used 2040K, capacity 2079K, committed 2176K, reserved 1048576K
}
Event: 2.379 GC heap before
{Heap before GC invocations=3 (full 0):
 PSYoungGen      total 140800K, used 61443K [0x000000076b600000, 0x0000000774a00000, 0x00000007c0000000)
  eden space 130048K, 38% used [0x000000076b600000,0x000000076e785530,0x0000000773500000)
  from space 10752K, 99% used [0x0000000773f80000,0x00000007749fb880,0x0000000774a00000)
  to   space 10752K, 0% used [0x0000000773500000,0x0000000773500000,0x0000000773f80000)
 ParOldGen       total 173568K, used 16924K [0x00000006c2200000, 0x00000006ccb80000, 0x000000076b600000)
  object space 173568K, 9% used [0x00000006c2200000,0x00000006c3287010,0x00000006ccb80000)
 Metaspace       used 20930K, capacity 21184K, committed 21248K, reserved 1067008K
  class space    used 2659K, capacity 2754K, committed 2816K, reserved 1048576K
Event: 2.397 GC heap after
Heap after GC invocations=3 (full 0):
 PSYoungGen      total 140800K, used 10730K [0x000000076b600000, 0x000000077c900000, 0x00000007c0000000)
  eden space 130048K, 0% used [0x000000076b600000,0x000000076b600000,0x0000000773500000)
  from space 10752K, 99% used [0x0000000773500000,0x0000000773f7a9c8,0x0000000773f80000)
  to   space 10752K, 0% used [0x000000077be80000,0x000000077be80000,0x000000077c900000)
 ParOldGen       total 173568K, used 23334K [0x00000006c2200000, 0x00000006ccb80000, 0x000000076b600000)
  object space 173568K, 13% used [0x00000006c2200000,0x00000006c38c9910,0x00000006ccb80000)
 Metaspace       used 20930K, capacity 21184K, committed 21248K, reserved 1067008K
  class space    used 2659K, capacity 2754K, committed 2816K, reserved 1048576K
}
Event: 2.398 GC heap before
{Heap before GC invocations=4 (full 1):
 PSYoungGen      total 140800K, used 10730K [0x000000076b600000, 0x000000077c900000, 0x00000007c0000000)
  eden space 130048K, 0% used [0x000000076b600000,0x000000076b600000,0x0000000773500000)
  from space 10752K, 99% used [0x0000000773500000,0x0000000773f7a9c8,0x0000000773f80000)
  to   space 10752K, 0% used [0x000000077be80000,0x000000077be80000,0x000000077c900000)
 ParOldGen       total 173568K, used 23334K [0x00000006c2200000, 0x00000006ccb80000, 0x000000076b600000)
  object space 173568K, 13% used [0x00000006c2200000,0x00000006c38c9910,0x00000006ccb80000)
 Metaspace       used 20930K, capacity 21184K, committed 21248K, reserved 1067008K
  class space    used 2659K, capacity 2754K, committed 2816K, reserved 1048576K
Event: 2.449 GC heap after
Heap after GC invocations=4 (full 1):
 PSYoungGen      total 140800K, used 0K [0x000000076b600000, 0x000000077c900000, 0x00000007c0000000)
  eden space 130048K, 0% used [0x000000076b600000,0x000000076b600000,0x0000000773500000)
  from space 10752K, 0% used [0x0000000773500000,0x0000000773500000,0x0000000773f80000)
  to   space 10752K, 0% used [0x000000077be80000,0x000000077be80000,0x000000077c900000)
 ParOldGen       total 141824K, used 26711K [0x00000006c2200000, 0x00000006cac80000, 0x000000076b600000)
  object space 141824K, 18% used [0x00000006c2200000,0x00000006c3c15d28,0x00000006cac80000)
 Metaspace       used 20930K, capacity 21184K, committed 21248K, reserved 1067008K
  class space    used 2659K, capacity 2754K, committed 2816K, reserved 1048576K
}

Deoptimization events (10 events):
Event: 1.833 Thread 0x00000167aca73800 Uncommon trap: reason=bimorphic action=maybe_recompile pc=0x00000167aea3e90c method=org.eclipse.emf.common.util.AbstractEList$EIterator.next()Ljava/lang/Object; @ 1
Event: 1.833 Thread 0x00000167aca73800 Uncommon trap: reason=unstable_if action=reinterpret pc=0x00000167aec4b924 method=org.antlr.runtime.ANTLRStringStream.mark()I @ 4
Event: 1.839 Thread 0x00000167aca73800 Uncommon trap: reason=unstable_if action=reinterpret pc=0x00000167aec8989c method=java.util.HashMap.computeIfAbsent(Ljava/lang/Object;Ljava/util/function/Function;)Ljava/lang/Object; @ 44
Event: 1.901 Thread 0x00000167aca73800 Uncommon trap: reason=array_check action=maybe_recompile pc=0x00000167aed2f5a0 method=org.eclipse.emf.common.util.BasicEList.assign(ILjava/lang/Object;)Ljava/lang/Object; @ 6
Event: 1.901 Thread 0x00000167aca73800 Uncommon trap: reason=array_check action=maybe_recompile pc=0x00000167aed2f5a0 method=org.eclipse.emf.common.util.BasicEList.assign(ILjava/lang/Object;)Ljava/lang/Object; @ 6
Event: 1.901 Thread 0x00000167aca73800 Uncommon trap: reason=array_check action=maybe_recompile pc=0x00000167aed2f5a0 method=org.eclipse.emf.common.util.BasicEList.assign(ILjava/lang/Object;)Ljava/lang/Object; @ 6
Event: 1.901 Thread 0x00000167aca73800 Uncommon trap: reason=array_check action=maybe_recompile pc=0x00000167aed2f5a0 method=org.eclipse.emf.common.util.BasicEList.assign(ILjava/lang/Object;)Ljava/lang/Object; @ 6
Event: 1.945 Thread 0x00000167aca73800 Uncommon trap: reason=unstable_if action=reinterpret pc=0x00000167ae825e04 method=java.lang.ref.SoftReference.get()Ljava/lang/Object; @ 17
Event: 1.973 Thread 0x00000167aca73800 Uncommon trap: reason=unstable_if action=reinterpret pc=0x00000167ae9ceec8 method=java.util.concurrent.ConcurrentHashMap.putVal(Ljava/lang/Object;Ljava/lang/Object;Z)Ljava/lang/Object; @ 181
Event: 2.188 Thread 0x00000167aca73800 Uncommon trap: reason=unstable_if action=reinterpret pc=0x00000167ae86c2cc method=java.io.WinNTFileSystem.normalize(Ljava/lang/String;)Ljava/lang/String; @ 49

Classes redefined (0 events):
No events

Internal exceptions (10 events):
Event: 1.880 Thread 0x00000167aca73800 Exception <a 'java/io/FileNotFoundException'> (0x000000076cfd0470) thrown at [J:\jenkins\tmp\workspace\build\src\hotspot\src\share\vm\prims\jni.cpp, line 711]
Event: 2.091 Thread 0x00000167aca73800 Exception <a 'java/lang/reflect/InvocationTargetException'> (0x000000076dd6ffc0) thrown at [J:\jenkins\tmp\workspace\build\src\hotspot\src\share\vm\runtime\reflection.cpp, line 1092]
Event: 2.092 Thread 0x00000167aca73800 Exception <a 'java/lang/reflect/InvocationTargetException'> (0x000000076dd8c7b8) thrown at [J:\jenkins\tmp\workspace\build\src\hotspot\src\share\vm\runtime\reflection.cpp, line 1092]
Event: 2.100 Thread 0x00000167aca73800 Exception <a 'java/lang/reflect/InvocationTargetException'> (0x000000076dda9058) thrown at [J:\jenkins\tmp\workspace\build\src\hotspot\src\share\vm\runtime\reflection.cpp, line 1092]
Event: 2.467 Thread 0x00000167aca73800 Exception <a 'java/security/PrivilegedActionException'> (0x000000076b641d60) thrown at [J:\jenkins\tmp\workspace\build\src\hotspot\src\share\vm\prims\jvm.cpp, line 1523]
Event: 2.467 Thread 0x00000167aca73800 Exception <a 'java/security/PrivilegedActionException'> (0x000000076b643290) thrown at [J:\jenkins\tmp\workspace\build\src\hotspot\src\share\vm\prims\jvm.cpp, line 1523]
Event: 2.467 Thread 0x00000167aca73800 Exception <a 'java/security/PrivilegedActionException'> (0x000000076b6446c0) thrown at [J:\jenkins\tmp\workspace\build\src\hotspot\src\share\vm\prims\jvm.cpp, line 1523]
Event: 2.467 Thread 0x00000167aca73800 Exception <a 'java/security/PrivilegedActionException'> (0x000000076b645d80) thrown at [J:\jenkins\tmp\workspace\build\src\hotspot\src\share\vm\prims\jvm.cpp, line 1523]
Event: 2.467 Thread 0x00000167aca73800 Exception <a 'java/security/PrivilegedActionException'> (0x000000076b647178) thrown at [J:\jenkins\tmp\workspace\build\src\hotspot\src\share\vm\prims\jvm.cpp, line 1523]
Event: 2.467 Thread 0x00000167aca73800 Exception <a 'java/security/PrivilegedActionException'> (0x000000076b648540) thrown at [J:\jenkins\tmp\workspace\build\src\hotspot\src\share\vm\prims\jvm.cpp, line 1523]

Events (10 events):
Event: 2.506 loading class org/lwjgl/openal/ALCdevice
Event: 2.506 loading class org/lwjgl/openal/ALCdevice done
Event: 2.506 loading class org/lwjgl/openal/ALCcontext
Event: 2.506 loading class org/lwjgl/openal/ALCcontext done
Event: 2.506 loading class java/nio/DirectIntBufferU
Event: 2.507 loading class java/nio/DirectIntBufferU done
Event: 2.507 loading class org/lwjgl/openal/Util
Event: 2.507 loading class org/lwjgl/openal/Util done
Event: 2.507 loading class org/lwjgl/openal/OpenALException
Event: 2.507 loading class org/lwjgl/openal/OpenALException done


Dynamic libraries:
0x00007ff6134b0000 - 0x00007ff6134ea000 	C:\Program Files\AdoptOpenJDK\jdk-8.0.282.8-hotspot\bin\javaw.exe
0x00007ffbb9a00000 - 0x00007ffbb9bf0000 	C:\WINDOWS\SYSTEM32\ntdll.dll
0x00007ffb89910000 - 0x00007ffb89925000 	D:\Programas\Avast\aswhook.dll
0x00007ffbb8210000 - 0x00007ffbb82c2000 	C:\WINDOWS\System32\KERNEL32.DLL
0x00007ffbb6bd0000 - 0x00007ffbb6e75000 	C:\WINDOWS\System32\KERNELBASE.dll
0x00007ffbb4a00000 - 0x00007ffbb4a8f000 	C:\WINDOWS\SYSTEM32\apphelp.dll
0x00007ffbb8530000 - 0x00007ffbb85d3000 	C:\WINDOWS\System32\ADVAPI32.dll
0x00007ffbb8bf0000 - 0x00007ffbb8c8e000 	C:\WINDOWS\System32\msvcrt.dll
0x00007ffbb9870000 - 0x00007ffbb9907000 	C:\WINDOWS\System32\sechost.dll
0x00007ffbb7c60000 - 0x00007ffbb7d7f000 	C:\WINDOWS\System32\RPCRT4.dll
0x00007ffbb8a50000 - 0x00007ffbb8be4000 	C:\WINDOWS\System32\USER32.dll
0x00007ffbb6ba0000 - 0x00007ffbb6bc1000 	C:\WINDOWS\System32\win32u.dll
0x00007ffbb8470000 - 0x00007ffbb8496000 	C:\WINDOWS\System32\GDI32.dll
0x00007ffbb6970000 - 0x00007ffbb6b08000 	C:\WINDOWS\System32\gdi32full.dll
0x00007ffbb6e80000 - 0x00007ffbb6f1e000 	C:\WINDOWS\System32\msvcp_win.dll
0x00007ffbb6f20000 - 0x00007ffbb701a000 	C:\WINDOWS\System32\ucrtbase.dll
0x00007ffba23e0000 - 0x00007ffba2664000 	C:\WINDOWS\WinSxS\amd64_microsoft.windows.common-controls_6595b64144ccf1df_6.0.18362.1440_none_9e7dbfb9e45e8e67\COMCTL32.dll
0x00007ffbb7ed0000 - 0x00007ffbb8206000 	C:\WINDOWS\System32\combase.dll
0x00007ffbb7020000 - 0x00007ffbb70a1000 	C:\WINDOWS\System32\bcryptPrimitives.dll
0x00007ffbb9840000 - 0x00007ffbb986e000 	C:\WINDOWS\System32\IMM32.DLL
0x00007ffb043a0000 - 0x00007ffb0448f000 	C:\Program Files\AdoptOpenJDK\jdk-8.0.282.8-hotspot\jre\bin\msvcr120.dll
0x00007ffb05ff0000 - 0x00007ffb06096000 	C:\Program Files\AdoptOpenJDK\jdk-8.0.282.8-hotspot\jre\bin\msvcp120.dll
0x0000000072ba0000 - 0x000000007340a000 	C:\Program Files\AdoptOpenJDK\jdk-8.0.282.8-hotspot\jre\bin\server\jvm.dll
0x00007ffbb84a0000 - 0x00007ffbb84a8000 	C:\WINDOWS\System32\PSAPI.DLL
0x00007ffbb03e0000 - 0x00007ffbb03ea000 	C:\WINDOWS\SYSTEM32\VERSION.dll
0x00007ffbb2d50000 - 0x00007ffbb2d74000 	C:\WINDOWS\SYSTEM32\WINMM.dll
0x00007ffbb2bc0000 - 0x00007ffbb2bed000 	C:\WINDOWS\SYSTEM32\winmmbase.dll
0x00007ffbb72c0000 - 0x00007ffbb730a000 	C:\WINDOWS\System32\cfgmgr32.dll
0x00007ffba05c0000 - 0x00007ffba05c9000 	C:\WINDOWS\SYSTEM32\WSOCK32.dll
0x00007ffbb8400000 - 0x00007ffbb846f000 	C:\WINDOWS\System32\ws2_32.DLL
0x00007ffba16e0000 - 0x00007ffba16ef000 	C:\Program Files\AdoptOpenJDK\jdk-8.0.282.8-hotspot\jre\bin\verify.dll
0x00007ffb80db0000 - 0x00007ffb80dd9000 	C:\Program Files\AdoptOpenJDK\jdk-8.0.282.8-hotspot\jre\bin\java.dll
0x00007ffb76e90000 - 0x00007ffb76ea6000 	C:\Program Files\AdoptOpenJDK\jdk-8.0.282.8-hotspot\jre\bin\zip.dll
0x00007ffbb9150000 - 0x00007ffbb9838000 	C:\WINDOWS\System32\SHELL32.dll
0x00007ffbb9910000 - 0x00007ffbb99b7000 	C:\WINDOWS\System32\shcore.dll
0x00007ffbb7330000 - 0x00007ffbb7aab000 	C:\WINDOWS\System32\windows.storage.dll
0x00007ffbb6930000 - 0x00007ffbb694e000 	C:\WINDOWS\System32\profapi.dll
0x00007ffbb68c0000 - 0x00007ffbb690a000 	C:\WINDOWS\System32\powrprof.dll
0x00007ffbb68b0000 - 0x00007ffbb68c0000 	C:\WINDOWS\System32\UMPDC.dll
0x00007ffbb7d80000 - 0x00007ffbb7dd2000 	C:\WINDOWS\System32\shlwapi.dll
0x00007ffbb6950000 - 0x00007ffbb6961000 	C:\WINDOWS\System32\kernel.appcore.dll
0x00007ffbb7310000 - 0x00007ffbb7327000 	C:\WINDOWS\System32\cryptsp.dll
0x0000000065580000 - 0x0000000065616000 	C:\Users\julia\AppData\Local\Temp\libgdxjulia\12dfaa03\gdx64.dll
0x00007ffbb5c70000 - 0x00007ffbb5ca3000 	C:\WINDOWS\system32\rsaenh.dll
0x00007ffbb6b10000 - 0x00007ffbb6b36000 	C:\WINDOWS\System32\bcrypt.dll
0x00007ffbb67d0000 - 0x00007ffbb67f5000 	C:\WINDOWS\SYSTEM32\USERENV.dll
0x00007ffbb62c0000 - 0x00007ffbb62cc000 	C:\WINDOWS\SYSTEM32\CRYPTBASE.dll
0x00007ffb76e10000 - 0x00007ffb76e2a000 	C:\Program Files\AdoptOpenJDK\jdk-8.0.282.8-hotspot\jre\bin\net.dll
0x00007ffbb60f0000 - 0x00007ffbb6157000 	C:\WINDOWS\system32\mswsock.dll
0x00007ffbb5e00000 - 0x00007ffbb5e3a000 	C:\WINDOWS\SYSTEM32\IPHLPAPI.DLL
0x00007ffbb7eb0000 - 0x00007ffbb7eb8000 	C:\WINDOWS\System32\NSI.dll
0x00007ffbaf6e0000 - 0x00007ffbaf6f6000 	C:\WINDOWS\SYSTEM32\dhcpcsvc6.DLL
0x00007ffbaf5d0000 - 0x00007ffbaf5ec000 	C:\WINDOWS\SYSTEM32\dhcpcsvc.DLL
0x00007ffbb5e40000 - 0x00007ffbb5f0b000 	C:\WINDOWS\SYSTEM32\DNSAPI.dll
0x00007ffb29ad0000 - 0x00007ffb29ae2000 	C:\Program Files\AdoptOpenJDK\jdk-8.0.282.8-hotspot\jre\bin\nio.dll
0x0000000180000000 - 0x0000000180053000 	C:\Users\julia\AppData\Local\Temp\libgdxjulia\dc0f0009\lwjgl64.dll
0x00007ffba8060000 - 0x00007ffba81b6000 	C:\WINDOWS\SYSTEM32\OPENGL32.dll
0x00007ffbb2100000 - 0x00007ffbb212c000 	C:\WINDOWS\SYSTEM32\GLU32.dll
0x00007ffbb54d0000 - 0x00007ffbb54f0000 	C:\WINDOWS\SYSTEM32\dxcore.dll
0x00000167cbf50000 - 0x00000167cbfb4000 	C:\Users\julia\AppData\Local\Temp\libgdxjulia\dc0f0009\OpenAL64.dll
0x00007ffbb8ff0000 - 0x00007ffbb9147000 	C:\WINDOWS\System32\ole32.dll
0x00007ffbb4af0000 - 0x00007ffbb4b89000 	C:\WINDOWS\system32\uxtheme.dll
0x00007ffbb7de0000 - 0x00007ffbb7e82000 	C:\WINDOWS\System32\clbcatq.dll
0x00007ffb9b0e0000 - 0x00007ffb9b179000 	C:\WINDOWS\SYSTEM32\dsound.dll
0x00007ffbb1470000 - 0x00007ffbb14e2000 	C:\WINDOWS\System32\MMDevApi.dll
0x00007ffbb6690000 - 0x00007ffbb66ba000 	C:\WINDOWS\System32\DEVOBJ.dll
0x00007ffbb1610000 - 0x00007ffbb176f000 	C:\WINDOWS\SYSTEM32\AUDIOSES.DLL
0x00007ffbb8330000 - 0x00007ffbb83f5000 	C:\WINDOWS\System32\OLEAUT32.dll
0x00007ffbb2bf0000 - 0x00007ffbb2d42000 	C:\WINDOWS\SYSTEM32\wintypes.dll
0x00007ffbadd30000 - 0x00007ffbadf24000 	C:\WINDOWS\SYSTEM32\dbghelp.dll

VM Arguments:
jvm_args: -Duser.language=en_GB -Dfile.encoding=UTF-8 
java_command: org.uqbar.project.wollok.launch.WollokLauncher -requestsPort 0 -eventsPort 0 -folder -dontValidate -wf src/juego.wpgm -darkMode
java_class_path (initial): C:\Users\julia\Documents\GitHub\PdP\2021-o-tpi-juego-f15\bin;D:\Programas\Wollok\plugins\com.ibm.icu_64.2.0.v20190507-1337.jar;D:\Programas\Wollok\plugins\org.eclipse.xtext_2.20.0.v20191202-0915.jar;D:\Programas\Wollok\plugins\org.eclipse.emf.ecore.xmi_2.16.0.v20190528-0725.jar;D:\Programas\Wollok\plugins\org.eclipse.emf.ecore_2.20.0.v20190920-0401.jar;D:\Programas\Wollok\plugins\org.eclipse.emf.common_2.17.0.v20190920-0401.jar;D:\Programas\Wollok\plugins\org.antlr.runtime_3.2.0.v201101311130.jar;D:\Programas\Wollok\plugins\com.google.inject_3.0.0.v201605172100.jar;D:\Programas\Wollok\plugins\org.eclipse.emf.mwe.core_1.5.1.v20191121-1148.jar;D:\Programas\Wollok\plugins\org.apache.commons.cli_1.2.0.v201404270220.jar;D:\Programas\Wollok\plugins\org.eclipse.emf.mwe2.runtime_2.11.1.v20191121-1148.jar;D:\Programas\Wollok\plugins\org.eclipse.emf.mwe.utils_1.5.1.v20191121-1148.jar;D:\Programas\Wollok\plugins\org.eclipse.xtext.util_2.20.0.v20191202-0915.jar;D:\Programas\Wollok\plugins\com.google.guava_27.1.0.v20190517-1946.jar;D:\Programas\Wollok\plugins\javax.inject_1.0.0.v20091030.jar;D:\Programas\Wollok\plugins\org.eclipse.xtext.generator_2.20.0.v20191202-0933.jar;D:\Programas\Wollok\plugins\org.eclipse.xtext.xtext.generator_2.20.0.v20191202-0915.jar;D:\Programas\Wollok\plugins\org.eclipse.xtext.xbase.lib_2.20.0.v20191202-0907.jar;D:\Programas\Wollok\plugins\org.eclipse.emf.codegen.ecore_2.20.0.v20191012-0918.jar;D:\Programas\Wollok\plugins\org.eclipse.emf.codegen_2.19.0.v20190821-1536.jar;D:\Programas\Wollok\plugins\org.eclipse.xtend_2.2.0.v201605260315.jar;D:\Programas\Wollok\plugins\org.eclipse.xpand_2.2.0.v201605260315.jar;D:\Programas\Wollok\plugins\org.eclipse.xtend.typesystem.emf_2.2.0.v201605260315.jar;D:\Programas\Wollok\plugins\org.uqbar.project.wollok_3.0.0.jar;D:\Programas\Wollok\plugins\org.eclipse.xtext.xbase_2.20.0.v20191202-0933.jar;D:\Programas\Wollok\plugins\org.eclipse.xtext.common.types_2.20.0.v20191202-0933.jar;D:\Program
Launcher Type: SUN_STANDARD

Environment Variables:
PATH=C:/Program Files/AdoptOpenJDK/jdk-8.0.282.8-hotspot/bin/../jre/bin/server;C:/Program Files/AdoptOpenJDK/jdk-8.0.282.8-hotspot/bin/../jre/bin;C:/Program Files/AdoptOpenJDK/jdk-8.0.282.8-hotspot/bin/../jre/lib/amd64;C:\Program Files\AdoptOpenJDK\jdk-8.0.282.8-hotspot\bin;C:\Program Files (x86)\Common Files\Oracle\Java\javapath;C:\ProgramData\Oracle\Java\javapath;C:\Windows\system32;C:\Windows;C:\Windows\System32\Wbem;C:\Windows\System32\WindowsPowerShell\v1.0\;C:\WINDOWS\system32;C:\WINDOWS;C:\WINDOWS\System32\Wbem;C:\WINDOWS\System32\WindowsPowerShell\v1.0\;C:\WINDOWS\System32\OpenSSH\;C:\Program Files (x86)\NVIDIA Corporation\PhysX\Common;C:\Program Files\NVIDIA Corporation\NVIDIA NvDLISR;C:\WINDOWS\system32;C:\WINDOWS;C:\WINDOWS\System32\Wbem;C:\WINDOWS\System32\WindowsPowerShell\v1.0\;C:\WINDOWS\System32\OpenSSH\;C:\Program Files (x86)\Windows Kits\10\Windows Performance Toolkit\;C:\Users\julia\AppData\Local\Programs\Python\Python38-32\Scripts;D:\Programas\Calibre\;C:\Program Files\swipl\bin;C:\Program Files\dotnet\;C:\Program Files\Git\cmd;C:\MINGW\bin;C:\GnuWin32\bin;C:\mingw64\x86_64-w64-mingw32\bin;C:\mingw64\bin;C:\Users\julia\AppData\Local\Microsoft\WindowsApps;C:\Users\julia\AppData\Local\atom\bin;C:\Users\julia\AppData\Local\Programs\Microsoft VS Code\bin;C:\Users\julia\AppData\Local\GitHubDesktop\bin;D:\Programas\Wollok;
USERNAME=julia
OS=Windows_NT
PROCESSOR_IDENTIFIER=Intel64 Family 6 Model 60 Stepping 3, GenuineIntel



---------------  S Y S T E M  ---------------

OS: Windows 10.0 , 64 bit Build 18362 (10.0.18362.1350)

CPU:total 4 (initial active 4) (4 cores per cpu, 1 threads per core) family 6 model 60 stepping 3, cmov, cx8, fxsr, mmx, sse, sse2, sse3, ssse3, sse4.1, sse4.2, popcnt, avx, avx2, aes, clmul, erms, lzcnt, tsc, tscinvbit, bmi1, bmi2

Memory: 4k page, physical 16634936k(3885588k free), swap 21365580k(3502052k free)

vm_info: OpenJDK 64-Bit Server VM (25.282-b08) for windows-amd64 JRE (1.8.0_282-b08), built on Jan 20 2021 11:42:17 by "jenkins" with MS VC++ 12.0 (VS2013)

time: Tue Oct 19 18:45:36 2021
timezone: Argentina Standard Time
elapsed time: 2.547164 seconds (0d 0h 0m 2s)

